mode: set
github.com/k0ns0l/driftwatch/main.go:11.13,13.2 1 0
github.com/k0ns0l/driftwatch/examples/error_handling_demo.go:14.13,25.16 4 0
github.com/k0ns0l/driftwatch/examples/error_handling_demo.go:25.16,26.61 1 0
github.com/k0ns0l/driftwatch/examples/error_handling_demo.go:28.2,54.40 14 0
github.com/k0ns0l/driftwatch/examples/error_handling_demo.go:57.48,82.29 3 0
github.com/k0ns0l/driftwatch/examples/error_handling_demo.go:82.29,94.3 9 0
github.com/k0ns0l/driftwatch/examples/error_handling_demo.go:97.48,114.60 5 0
github.com/k0ns0l/driftwatch/examples/error_handling_demo.go:114.60,118.19 3 0
github.com/k0ns0l/driftwatch/examples/error_handling_demo.go:118.19,127.4 3 0
github.com/k0ns0l/driftwatch/examples/error_handling_demo.go:129.3,130.13 2 0
github.com/k0ns0l/driftwatch/examples/error_handling_demo.go:133.2,139.16 5 0
github.com/k0ns0l/driftwatch/examples/error_handling_demo.go:139.16,141.3 1 0
github.com/k0ns0l/driftwatch/examples/error_handling_demo.go:141.8,143.3 1 0
github.com/k0ns0l/driftwatch/examples/error_handling_demo.go:146.49,160.26 5 0
github.com/k0ns0l/driftwatch/examples/error_handling_demo.go:160.26,164.13 3 0
github.com/k0ns0l/driftwatch/examples/error_handling_demo.go:164.13,166.61 1 0
github.com/k0ns0l/driftwatch/examples/error_handling_demo.go:166.61,169.5 1 0
github.com/k0ns0l/driftwatch/examples/error_handling_demo.go:170.9,170.20 1 0
github.com/k0ns0l/driftwatch/examples/error_handling_demo.go:170.20,172.61 1 0
github.com/k0ns0l/driftwatch/examples/error_handling_demo.go:172.61,174.5 1 0
github.com/k0ns0l/driftwatch/examples/error_handling_demo.go:175.9,178.61 2 0
github.com/k0ns0l/driftwatch/examples/error_handling_demo.go:178.61,180.5 1 0
github.com/k0ns0l/driftwatch/examples/error_handling_demo.go:183.3,184.17 2 0
github.com/k0ns0l/driftwatch/examples/error_handling_demo.go:184.17,185.58 1 0
github.com/k0ns0l/driftwatch/examples/error_handling_demo.go:185.58,187.5 1 0
github.com/k0ns0l/driftwatch/examples/error_handling_demo.go:187.10,189.5 1 0
github.com/k0ns0l/driftwatch/examples/error_handling_demo.go:190.9,192.4 1 0
github.com/k0ns0l/driftwatch/examples/error_handling_demo.go:195.3,198.13 3 0
github.com/k0ns0l/driftwatch/examples/error_handling_demo.go:198.13,200.4 1 0
github.com/k0ns0l/driftwatch/examples/error_handling_demo.go:202.3,202.37 1 0
github.com/k0ns0l/driftwatch/examples/error_handling_demo.go:206.52,277.2 20 0
github.com/k0ns0l/driftwatch/internal/errors/errors.go:45.42,51.20 4 1
github.com/k0ns0l/driftwatch/internal/errors/errors.go:51.20,53.3 1 1
github.com/k0ns0l/driftwatch/internal/errors/errors.go:55.2,55.33 1 1
github.com/k0ns0l/driftwatch/internal/errors/errors.go:59.42,61.2 1 1
github.com/k0ns0l/driftwatch/internal/errors/errors.go:64.49,65.44 1 1
github.com/k0ns0l/driftwatch/internal/errors/errors.go:65.44,67.3 1 1
github.com/k0ns0l/driftwatch/internal/errors/errors.go:68.2,68.14 1 1
github.com/k0ns0l/driftwatch/internal/errors/errors.go:72.87,73.22 1 1
github.com/k0ns0l/driftwatch/internal/errors/errors.go:73.22,75.3 1 0
github.com/k0ns0l/driftwatch/internal/errors/errors.go:76.2,77.10 2 1
github.com/k0ns0l/driftwatch/internal/errors/errors.go:81.74,84.2 2 1
github.com/k0ns0l/driftwatch/internal/errors/errors.go:87.75,96.2 1 1
github.com/k0ns0l/driftwatch/internal/errors/errors.go:99.87,109.2 1 1
github.com/k0ns0l/driftwatch/internal/errors/errors.go:229.76,232.2 2 1
github.com/k0ns0l/driftwatch/internal/errors/errors.go:235.78,238.2 2 1
github.com/k0ns0l/driftwatch/internal/errors/errors.go:241.36,242.43 1 1
github.com/k0ns0l/driftwatch/internal/errors/errors.go:242.43,244.3 1 1
github.com/k0ns0l/driftwatch/internal/errors/errors.go:245.2,245.14 1 1
github.com/k0ns0l/driftwatch/internal/errors/errors.go:249.38,250.43 1 1
github.com/k0ns0l/driftwatch/internal/errors/errors.go:250.43,252.3 1 1
github.com/k0ns0l/driftwatch/internal/errors/errors.go:253.2,253.23 1 1
github.com/k0ns0l/driftwatch/internal/errors/errors.go:257.40,258.43 1 1
github.com/k0ns0l/driftwatch/internal/errors/errors.go:258.43,260.3 1 1
github.com/k0ns0l/driftwatch/internal/errors/errors.go:261.2,261.24 1 1
github.com/k0ns0l/driftwatch/internal/errors/errors.go:265.36,266.43 1 1
github.com/k0ns0l/driftwatch/internal/errors/errors.go:266.43,268.3 1 1
github.com/k0ns0l/driftwatch/internal/errors/errors.go:269.2,269.64 1 1
github.com/k0ns0l/driftwatch/internal/deprecation/deprecation.go:26.35,27.11 1 1
github.com/k0ns0l/driftwatch/internal/deprecation/deprecation.go:28.20,29.16 1 1
github.com/k0ns0l/driftwatch/internal/deprecation/deprecation.go:30.23,31.19 1 1
github.com/k0ns0l/driftwatch/internal/deprecation/deprecation.go:32.24,33.20 1 1
github.com/k0ns0l/driftwatch/internal/deprecation/deprecation.go:34.10,35.19 1 1
github.com/k0ns0l/driftwatch/internal/deprecation/deprecation.go:58.50,64.2 1 1
github.com/k0ns0l/driftwatch/internal/deprecation/deprecation.go:67.50,69.2 1 1
github.com/k0ns0l/driftwatch/internal/deprecation/deprecation.go:72.44,73.25 1 1
github.com/k0ns0l/driftwatch/internal/deprecation/deprecation.go:73.25,75.3 1 1
github.com/k0ns0l/driftwatch/internal/deprecation/deprecation.go:77.2,78.13 2 1
github.com/k0ns0l/driftwatch/internal/deprecation/deprecation.go:78.13,80.3 1 1
github.com/k0ns0l/driftwatch/internal/deprecation/deprecation.go:82.2,83.23 2 1
github.com/k0ns0l/driftwatch/internal/deprecation/deprecation.go:87.40,89.13 2 1
github.com/k0ns0l/driftwatch/internal/deprecation/deprecation.go:89.13,91.3 1 0
github.com/k0ns0l/driftwatch/internal/deprecation/deprecation.go:93.2,93.23 1 1
github.com/k0ns0l/driftwatch/internal/deprecation/deprecation.go:97.47,99.69 1 1
github.com/k0ns0l/driftwatch/internal/deprecation/deprecation.go:99.69,101.3 1 0
github.com/k0ns0l/driftwatch/internal/deprecation/deprecation.go:103.2,104.25 2 1
github.com/k0ns0l/driftwatch/internal/deprecation/deprecation.go:105.20,106.26 1 1
github.com/k0ns0l/driftwatch/internal/deprecation/deprecation.go:107.23,108.29 1 1
github.com/k0ns0l/driftwatch/internal/deprecation/deprecation.go:109.24,110.27 1 1
github.com/k0ns0l/driftwatch/internal/deprecation/deprecation.go:113.2,115.30 2 1
github.com/k0ns0l/driftwatch/internal/deprecation/deprecation.go:115.30,117.3 1 1
github.com/k0ns0l/driftwatch/internal/deprecation/deprecation.go:119.2,119.34 1 1
github.com/k0ns0l/driftwatch/internal/deprecation/deprecation.go:119.34,121.3 1 0
github.com/k0ns0l/driftwatch/internal/deprecation/deprecation.go:123.2,123.31 1 1
github.com/k0ns0l/driftwatch/internal/deprecation/deprecation.go:123.31,125.3 1 0
github.com/k0ns0l/driftwatch/internal/deprecation/deprecation.go:128.2,128.25 1 1
github.com/k0ns0l/driftwatch/internal/deprecation/deprecation.go:129.20,130.25 1 1
github.com/k0ns0l/driftwatch/internal/deprecation/deprecation.go:131.23,132.25 1 1
github.com/k0ns0l/driftwatch/internal/deprecation/deprecation.go:133.24,136.42 2 1
github.com/k0ns0l/driftwatch/internal/deprecation/deprecation.go:141.51,143.2 1 1
github.com/k0ns0l/driftwatch/internal/deprecation/deprecation.go:146.57,150.41 3 1
github.com/k0ns0l/driftwatch/internal/deprecation/deprecation.go:150.41,151.67 1 1
github.com/k0ns0l/driftwatch/internal/deprecation/deprecation.go:151.67,153.4 1 1
github.com/k0ns0l/driftwatch/internal/deprecation/deprecation.go:156.2,156.15 1 1
github.com/k0ns0l/driftwatch/internal/deprecation/deprecation.go:160.64,163.2 2 1
github.com/k0ns0l/driftwatch/internal/deprecation/deprecation.go:166.53,169.2 2 1
github.com/k0ns0l/driftwatch/internal/deprecation/deprecation.go:172.61,181.25 5 1
github.com/k0ns0l/driftwatch/internal/deprecation/deprecation.go:181.25,183.3 1 1
github.com/k0ns0l/driftwatch/internal/deprecation/deprecation.go:186.2,186.30 1 1
github.com/k0ns0l/driftwatch/internal/deprecation/deprecation.go:186.30,188.3 1 1
github.com/k0ns0l/driftwatch/internal/deprecation/deprecation.go:191.2,191.34 1 1
github.com/k0ns0l/driftwatch/internal/deprecation/deprecation.go:191.34,196.20 3 1
github.com/k0ns0l/driftwatch/internal/deprecation/deprecation.go:196.20,199.4 2 1
github.com/k0ns0l/driftwatch/internal/deprecation/deprecation.go:199.9,201.4 1 0
github.com/k0ns0l/driftwatch/internal/deprecation/deprecation.go:205.2,205.31 1 1
github.com/k0ns0l/driftwatch/internal/deprecation/deprecation.go:205.31,207.3 1 1
github.com/k0ns0l/driftwatch/internal/deprecation/deprecation.go:209.2,209.34 1 1
github.com/k0ns0l/driftwatch/internal/deprecation/deprecation.go:216.42,219.2 2 1
github.com/k0ns0l/driftwatch/internal/deprecation/deprecation.go:222.28,224.2 1 0
github.com/k0ns0l/driftwatch/internal/deprecation/deprecation.go:227.31,228.27 1 1
github.com/k0ns0l/driftwatch/internal/deprecation/deprecation.go:228.27,230.3 1 1
github.com/k0ns0l/driftwatch/internal/deprecation/deprecation.go:234.27,235.27 1 0
github.com/k0ns0l/driftwatch/internal/deprecation/deprecation.go:235.27,237.3 1 0
github.com/k0ns0l/driftwatch/internal/deprecation/deprecation.go:241.40,242.27 1 1
github.com/k0ns0l/driftwatch/internal/deprecation/deprecation.go:242.27,244.3 1 1
github.com/k0ns0l/driftwatch/internal/deprecation/deprecation.go:245.2,245.14 1 0
github.com/k0ns0l/driftwatch/internal/deprecation/deprecation.go:249.31,250.27 1 1
github.com/k0ns0l/driftwatch/internal/deprecation/deprecation.go:250.27,252.3 1 0
github.com/k0ns0l/driftwatch/internal/deprecation/deprecation.go:257.2,279.4 3 1
github.com/k0ns0l/driftwatch/internal/deprecation/deprecation.go:285.53,288.2 2 1
github.com/k0ns0l/driftwatch/internal/deprecation/deprecation.go:291.48,294.2 2 1
github.com/k0ns0l/driftwatch/internal/deprecation/deprecation.go:297.52,300.2 2 1
github.com/k0ns0l/driftwatch/internal/monitor/monitor.go:107.113,115.16 3 1
github.com/k0ns0l/driftwatch/internal/monitor/monitor.go:115.16,118.3 1 0
github.com/k0ns0l/driftwatch/internal/monitor/monitor.go:120.2,130.3 1 1
github.com/k0ns0l/driftwatch/internal/monitor/monitor.go:134.58,137.15 2 1
github.com/k0ns0l/driftwatch/internal/monitor/monitor.go:137.15,140.3 2 1
github.com/k0ns0l/driftwatch/internal/monitor/monitor.go:142.2,148.42 5 1
github.com/k0ns0l/driftwatch/internal/monitor/monitor.go:148.42,153.3 4 0
github.com/k0ns0l/driftwatch/internal/monitor/monitor.go:156.2,159.12 3 1
github.com/k0ns0l/driftwatch/internal/monitor/monitor.go:163.38,167.16 3 1
github.com/k0ns0l/driftwatch/internal/monitor/monitor.go:167.16,169.3 1 0
github.com/k0ns0l/driftwatch/internal/monitor/monitor.go:171.2,177.9 3 1
github.com/k0ns0l/driftwatch/internal/monitor/monitor.go:178.24,179.51 1 1
github.com/k0ns0l/driftwatch/internal/monitor/monitor.go:180.38,181.77 1 0
github.com/k0ns0l/driftwatch/internal/monitor/monitor.go:185.2,185.21 1 1
github.com/k0ns0l/driftwatch/internal/monitor/monitor.go:185.21,187.3 1 1
github.com/k0ns0l/driftwatch/internal/monitor/monitor.go:189.2,192.12 3 1
github.com/k0ns0l/driftwatch/internal/monitor/monitor.go:196.76,200.23 3 1
github.com/k0ns0l/driftwatch/internal/monitor/monitor.go:200.23,203.3 2 1
github.com/k0ns0l/driftwatch/internal/monitor/monitor.go:206.2,206.58 1 1
github.com/k0ns0l/driftwatch/internal/monitor/monitor.go:206.58,209.3 2 0
github.com/k0ns0l/driftwatch/internal/monitor/monitor.go:212.2,215.16 2 1
github.com/k0ns0l/driftwatch/internal/monitor/monitor.go:215.16,217.3 1 0
github.com/k0ns0l/driftwatch/internal/monitor/monitor.go:220.2,221.16 2 1
github.com/k0ns0l/driftwatch/internal/monitor/monitor.go:221.16,223.3 1 0
github.com/k0ns0l/driftwatch/internal/monitor/monitor.go:226.2,236.12 5 1
github.com/k0ns0l/driftwatch/internal/monitor/monitor.go:240.57,245.49 3 1
github.com/k0ns0l/driftwatch/internal/monitor/monitor.go:245.49,248.3 2 1
github.com/k0ns0l/driftwatch/internal/monitor/monitor.go:251.2,256.12 4 1
github.com/k0ns0l/driftwatch/internal/monitor/monitor.go:260.53,266.43 4 1
github.com/k0ns0l/driftwatch/internal/monitor/monitor.go:266.43,268.3 1 1
github.com/k0ns0l/driftwatch/internal/monitor/monitor.go:270.2,276.3 1 1
github.com/k0ns0l/driftwatch/internal/monitor/monitor.go:280.62,282.27 1 1
github.com/k0ns0l/driftwatch/internal/monitor/monitor.go:282.27,283.43 1 1
github.com/k0ns0l/driftwatch/internal/monitor/monitor.go:283.43,285.4 1 0
github.com/k0ns0l/driftwatch/internal/monitor/monitor.go:288.2,290.33 3 1
github.com/k0ns0l/driftwatch/internal/monitor/monitor.go:290.33,291.17 1 1
github.com/k0ns0l/driftwatch/internal/monitor/monitor.go:291.17,293.4 1 1
github.com/k0ns0l/driftwatch/internal/monitor/monitor.go:295.2,297.25 2 1
github.com/k0ns0l/driftwatch/internal/monitor/monitor.go:297.25,299.3 1 1
github.com/k0ns0l/driftwatch/internal/monitor/monitor.go:301.2,305.21 3 1
github.com/k0ns0l/driftwatch/internal/monitor/monitor.go:305.21,307.3 1 0
github.com/k0ns0l/driftwatch/internal/monitor/monitor.go:309.2,313.34 3 1
github.com/k0ns0l/driftwatch/internal/monitor/monitor.go:313.34,314.13 1 1
github.com/k0ns0l/driftwatch/internal/monitor/monitor.go:314.13,315.31 1 1
github.com/k0ns0l/driftwatch/internal/monitor/monitor.go:315.31,316.12 1 1
github.com/k0ns0l/driftwatch/internal/monitor/monitor.go:317.23,319.12 2 1
github.com/k0ns0l/driftwatch/internal/monitor/monitor.go:320.13,322.20 2 0
github.com/k0ns0l/driftwatch/internal/monitor/monitor.go:329.2,329.37 1 1
github.com/k0ns0l/driftwatch/internal/monitor/monitor.go:329.37,331.3 1 1
github.com/k0ns0l/driftwatch/internal/monitor/monitor.go:332.2,336.38 3 1
github.com/k0ns0l/driftwatch/internal/monitor/monitor.go:336.38,337.35 1 1
github.com/k0ns0l/driftwatch/internal/monitor/monitor.go:337.35,339.4 1 1
github.com/k0ns0l/driftwatch/internal/monitor/monitor.go:342.2,342.21 1 1
github.com/k0ns0l/driftwatch/internal/monitor/monitor.go:342.21,344.3 1 1
github.com/k0ns0l/driftwatch/internal/monitor/monitor.go:346.2,347.12 2 0
github.com/k0ns0l/driftwatch/internal/monitor/monitor.go:351.47,356.52 3 1
github.com/k0ns0l/driftwatch/internal/monitor/monitor.go:356.52,359.17 2 1
github.com/k0ns0l/driftwatch/internal/monitor/monitor.go:359.17,363.25 3 1
github.com/k0ns0l/driftwatch/internal/monitor/monitor.go:363.25,366.13 3 0
github.com/k0ns0l/driftwatch/internal/monitor/monitor.go:369.4,379.67 2 1
github.com/k0ns0l/driftwatch/internal/monitor/monitor.go:379.67,383.13 3 0
github.com/k0ns0l/driftwatch/internal/monitor/monitor.go:384.10,386.5 1 1
github.com/k0ns0l/driftwatch/internal/monitor/monitor.go:387.9,389.4 1 0
github.com/k0ns0l/driftwatch/internal/monitor/monitor.go:391.3,391.56 1 1
github.com/k0ns0l/driftwatch/internal/monitor/monitor.go:391.56,394.4 2 0
github.com/k0ns0l/driftwatch/internal/monitor/monitor.go:398.2,399.16 2 1
github.com/k0ns0l/driftwatch/internal/monitor/monitor.go:399.16,402.22 2 0
github.com/k0ns0l/driftwatch/internal/monitor/monitor.go:402.22,404.4 1 0
github.com/k0ns0l/driftwatch/internal/monitor/monitor.go:405.3,405.13 1 0
github.com/k0ns0l/driftwatch/internal/monitor/monitor.go:408.2,408.39 1 1
github.com/k0ns0l/driftwatch/internal/monitor/monitor.go:408.39,411.81 2 0
github.com/k0ns0l/driftwatch/internal/monitor/monitor.go:411.81,414.12 3 0
github.com/k0ns0l/driftwatch/internal/monitor/monitor.go:418.3,418.56 1 0
github.com/k0ns0l/driftwatch/internal/monitor/monitor.go:418.56,421.4 2 0
github.com/k0ns0l/driftwatch/internal/monitor/monitor.go:424.2,424.21 1 1
github.com/k0ns0l/driftwatch/internal/monitor/monitor.go:424.21,426.3 1 0
github.com/k0ns0l/driftwatch/internal/monitor/monitor.go:427.2,427.12 1 1
github.com/k0ns0l/driftwatch/internal/monitor/monitor.go:431.72,436.19 4 0
github.com/k0ns0l/driftwatch/internal/monitor/monitor.go:436.19,442.3 2 0
github.com/k0ns0l/driftwatch/internal/monitor/monitor.go:443.2,452.26 6 0
github.com/k0ns0l/driftwatch/internal/monitor/monitor.go:452.26,455.17 3 0
github.com/k0ns0l/driftwatch/internal/monitor/monitor.go:455.17,458.4 2 0
github.com/k0ns0l/driftwatch/internal/monitor/monitor.go:462.2,463.16 2 0
github.com/k0ns0l/driftwatch/internal/monitor/monitor.go:463.16,466.3 2 0
github.com/k0ns0l/driftwatch/internal/monitor/monitor.go:469.2,469.26 1 0
github.com/k0ns0l/driftwatch/internal/monitor/monitor.go:469.26,470.54 1 0
github.com/k0ns0l/driftwatch/internal/monitor/monitor.go:470.54,473.4 2 0
github.com/k0ns0l/driftwatch/internal/monitor/monitor.go:477.2,478.18 2 0
github.com/k0ns0l/driftwatch/internal/monitor/monitor.go:478.18,480.3 1 0
github.com/k0ns0l/driftwatch/internal/monitor/monitor.go:483.2,484.22 2 0
github.com/k0ns0l/driftwatch/internal/monitor/monitor.go:484.22,486.3 1 0
github.com/k0ns0l/driftwatch/internal/monitor/monitor.go:488.2,493.16 4 0
github.com/k0ns0l/driftwatch/internal/monitor/monitor.go:493.16,496.3 2 0
github.com/k0ns0l/driftwatch/internal/monitor/monitor.go:499.2,504.16 4 0
github.com/k0ns0l/driftwatch/internal/monitor/monitor.go:504.16,509.24 3 0
github.com/k0ns0l/driftwatch/internal/monitor/monitor.go:509.24,512.4 2 0
github.com/k0ns0l/driftwatch/internal/monitor/monitor.go:514.3,524.68 2 0
github.com/k0ns0l/driftwatch/internal/monitor/monitor.go:524.68,528.4 3 0
github.com/k0ns0l/driftwatch/internal/monitor/monitor.go:528.9,530.4 1 0
github.com/k0ns0l/driftwatch/internal/monitor/monitor.go:534.2,543.57 2 0
github.com/k0ns0l/driftwatch/internal/monitor/monitor.go:543.57,545.3 1 0
github.com/k0ns0l/driftwatch/internal/monitor/monitor.go:547.2,548.51 1 0
github.com/k0ns0l/driftwatch/internal/monitor/monitor.go:552.77,556.2 3 0
github.com/k0ns0l/driftwatch/internal/monitor/monitor.go:559.87,561.35 2 0
github.com/k0ns0l/driftwatch/internal/monitor/monitor.go:561.35,562.22 1 0
github.com/k0ns0l/driftwatch/internal/monitor/monitor.go:562.22,564.4 1 0
github.com/k0ns0l/driftwatch/internal/monitor/monitor.go:566.2,566.15 1 0
github.com/k0ns0l/driftwatch/internal/monitor/monitor.go:570.71,573.18 2 1
github.com/k0ns0l/driftwatch/internal/monitor/monitor.go:573.18,576.3 1 1
github.com/k0ns0l/driftwatch/internal/monitor/monitor.go:578.2,579.18 2 1
github.com/k0ns0l/driftwatch/internal/monitor/monitor.go:579.18,582.3 1 1
github.com/k0ns0l/driftwatch/internal/monitor/monitor.go:584.2,585.16 2 1
github.com/k0ns0l/driftwatch/internal/monitor/monitor.go:585.16,588.3 1 1
github.com/k0ns0l/driftwatch/internal/monitor/monitor.go:591.2,591.22 1 1
github.com/k0ns0l/driftwatch/internal/monitor/monitor.go:595.90,596.22 1 0
github.com/k0ns0l/driftwatch/internal/monitor/monitor.go:596.22,598.3 1 0
github.com/k0ns0l/driftwatch/internal/monitor/monitor.go:600.2,600.59 1 0
github.com/k0ns0l/driftwatch/internal/drift/drift.go:207.33,211.2 1 1
github.com/k0ns0l/driftwatch/internal/drift/drift.go:214.96,215.39 1 1
github.com/k0ns0l/driftwatch/internal/drift/drift.go:215.39,217.3 1 1
github.com/k0ns0l/driftwatch/internal/drift/drift.go:219.2,234.75 4 1
github.com/k0ns0l/driftwatch/internal/drift/drift.go:234.75,236.3 1 1
github.com/k0ns0l/driftwatch/internal/drift/drift.go:239.2,244.20 3 1
github.com/k0ns0l/driftwatch/internal/drift/drift.go:248.97,249.47 1 1
github.com/k0ns0l/driftwatch/internal/drift/drift.go:249.47,266.22 6 1
github.com/k0ns0l/driftwatch/internal/drift/drift.go:266.22,274.4 1 1
github.com/k0ns0l/driftwatch/internal/drift/drift.go:279.93,281.46 1 1
github.com/k0ns0l/driftwatch/internal/drift/drift.go:281.46,282.56 1 1
github.com/k0ns0l/driftwatch/internal/drift/drift.go:282.56,296.23 4 1
github.com/k0ns0l/driftwatch/internal/drift/drift.go:296.23,304.5 1 1
github.com/k0ns0l/driftwatch/internal/drift/drift.go:305.9,305.34 1 1
github.com/k0ns0l/driftwatch/internal/drift/drift.go:305.34,319.4 3 1
github.com/k0ns0l/driftwatch/internal/drift/drift.go:323.2,323.45 1 1
github.com/k0ns0l/driftwatch/internal/drift/drift.go:323.45,324.50 1 1
github.com/k0ns0l/driftwatch/internal/drift/drift.go:324.50,337.4 3 1
github.com/k0ns0l/driftwatch/internal/drift/drift.go:342.106,346.28 2 1
github.com/k0ns0l/driftwatch/internal/drift/drift.go:346.28,347.66 1 1
github.com/k0ns0l/driftwatch/internal/drift/drift.go:347.66,349.4 1 0
github.com/k0ns0l/driftwatch/internal/drift/drift.go:352.2,352.27 1 1
github.com/k0ns0l/driftwatch/internal/drift/drift.go:352.27,353.65 1 1
github.com/k0ns0l/driftwatch/internal/drift/drift.go:353.65,355.4 1 1
github.com/k0ns0l/driftwatch/internal/drift/drift.go:359.2,363.29 3 1
github.com/k0ns0l/driftwatch/internal/drift/drift.go:363.29,368.34 3 1
github.com/k0ns0l/driftwatch/internal/drift/drift.go:369.33,382.31 3 1
github.com/k0ns0l/driftwatch/internal/drift/drift.go:382.31,390.5 1 1
github.com/k0ns0l/driftwatch/internal/drift/drift.go:392.27,402.59 2 1
github.com/k0ns0l/driftwatch/internal/drift/drift.go:406.2,406.12 1 1
github.com/k0ns0l/driftwatch/internal/drift/drift.go:410.97,411.61 1 1
github.com/k0ns0l/driftwatch/internal/drift/drift.go:411.61,413.3 1 1
github.com/k0ns0l/driftwatch/internal/drift/drift.go:415.2,419.38 3 1
github.com/k0ns0l/driftwatch/internal/drift/drift.go:419.38,421.3 1 1
github.com/k0ns0l/driftwatch/internal/drift/drift.go:423.2,423.47 1 1
github.com/k0ns0l/driftwatch/internal/drift/drift.go:423.47,434.3 4 1
github.com/k0ns0l/driftwatch/internal/drift/drift.go:438.100,439.48 1 1
github.com/k0ns0l/driftwatch/internal/drift/drift.go:439.48,441.3 1 1
github.com/k0ns0l/driftwatch/internal/drift/drift.go:443.2,443.50 1 1
github.com/k0ns0l/driftwatch/internal/drift/drift.go:443.50,445.3 1 1
github.com/k0ns0l/driftwatch/internal/drift/drift.go:447.2,447.48 1 1
github.com/k0ns0l/driftwatch/internal/drift/drift.go:451.107,452.32 1 1
github.com/k0ns0l/driftwatch/internal/drift/drift.go:452.32,454.3 1 0
github.com/k0ns0l/driftwatch/internal/drift/drift.go:456.2,456.17 1 1
github.com/k0ns0l/driftwatch/internal/drift/drift.go:456.17,464.3 2 0
github.com/k0ns0l/driftwatch/internal/drift/drift.go:466.2,466.17 1 1
github.com/k0ns0l/driftwatch/internal/drift/drift.go:466.17,474.3 2 1
github.com/k0ns0l/driftwatch/internal/drift/drift.go:476.2,476.14 1 1
github.com/k0ns0l/driftwatch/internal/drift/drift.go:480.109,484.26 3 1
github.com/k0ns0l/driftwatch/internal/drift/drift.go:484.26,493.3 2 1
github.com/k0ns0l/driftwatch/internal/drift/drift.go:495.2,495.14 1 1
github.com/k0ns0l/driftwatch/internal/drift/drift.go:499.106,500.34 1 1
github.com/k0ns0l/driftwatch/internal/drift/drift.go:501.30,502.57 1 1
github.com/k0ns0l/driftwatch/internal/drift/drift.go:502.57,504.4 1 1
github.com/k0ns0l/driftwatch/internal/drift/drift.go:505.21,506.48 1 1
github.com/k0ns0l/driftwatch/internal/drift/drift.go:506.48,508.4 1 1
github.com/k0ns0l/driftwatch/internal/drift/drift.go:509.10,510.49 1 1
github.com/k0ns0l/driftwatch/internal/drift/drift.go:515.122,517.36 1 1
github.com/k0ns0l/driftwatch/internal/drift/drift.go:517.36,519.43 2 1
github.com/k0ns0l/driftwatch/internal/drift/drift.go:519.43,526.4 1 1
github.com/k0ns0l/driftwatch/internal/drift/drift.go:530.2,530.45 1 1
github.com/k0ns0l/driftwatch/internal/drift/drift.go:530.45,532.55 2 1
github.com/k0ns0l/driftwatch/internal/drift/drift.go:532.55,534.4 1 1
github.com/k0ns0l/driftwatch/internal/drift/drift.go:534.9,541.4 1 1
github.com/k0ns0l/driftwatch/internal/drift/drift.go:546.112,548.38 1 1
github.com/k0ns0l/driftwatch/internal/drift/drift.go:548.38,556.3 1 1
github.com/k0ns0l/driftwatch/internal/drift/drift.go:559.2,560.29 2 1
github.com/k0ns0l/driftwatch/internal/drift/drift.go:560.29,562.3 1 0
github.com/k0ns0l/driftwatch/internal/drift/drift.go:564.2,564.30 1 1
github.com/k0ns0l/driftwatch/internal/drift/drift.go:564.30,568.25 3 1
github.com/k0ns0l/driftwatch/internal/drift/drift.go:568.25,570.4 1 1
github.com/k0ns0l/driftwatch/internal/drift/drift.go:571.3,571.25 1 1
github.com/k0ns0l/driftwatch/internal/drift/drift.go:571.25,573.4 1 1
github.com/k0ns0l/driftwatch/internal/drift/drift.go:575.3,575.55 1 1
github.com/k0ns0l/driftwatch/internal/drift/drift.go:580.106,581.36 1 1
github.com/k0ns0l/driftwatch/internal/drift/drift.go:581.36,589.3 1 1
github.com/k0ns0l/driftwatch/internal/drift/drift.go:593.83,599.32 2 1
github.com/k0ns0l/driftwatch/internal/drift/drift.go:599.32,601.3 1 1
github.com/k0ns0l/driftwatch/internal/drift/drift.go:601.8,603.3 1 1
github.com/k0ns0l/driftwatch/internal/drift/drift.go:606.2,617.23 5 1
github.com/k0ns0l/driftwatch/internal/drift/drift.go:621.94,625.20 2 1
github.com/k0ns0l/driftwatch/internal/drift/drift.go:625.20,626.25 1 1
github.com/k0ns0l/driftwatch/internal/drift/drift.go:626.25,628.35 1 1
github.com/k0ns0l/driftwatch/internal/drift/drift.go:628.35,630.5 1 0
github.com/k0ns0l/driftwatch/internal/drift/drift.go:630.10,630.45 1 1
github.com/k0ns0l/driftwatch/internal/drift/drift.go:630.45,632.5 1 0
github.com/k0ns0l/driftwatch/internal/drift/drift.go:636.3,636.43 1 1
github.com/k0ns0l/driftwatch/internal/drift/drift.go:636.43,637.35 1 1
github.com/k0ns0l/driftwatch/internal/drift/drift.go:637.35,639.5 1 0
github.com/k0ns0l/driftwatch/internal/drift/drift.go:643.2,643.21 1 1
github.com/k0ns0l/driftwatch/internal/drift/drift.go:648.88,649.18 1 1
github.com/k0ns0l/driftwatch/internal/drift/drift.go:650.23,651.30 1 1
github.com/k0ns0l/driftwatch/internal/drift/drift.go:651.30,653.4 1 1
github.com/k0ns0l/driftwatch/internal/drift/drift.go:654.3,654.22 1 1
github.com/k0ns0l/driftwatch/internal/drift/drift.go:655.27,656.26 1 0
github.com/k0ns0l/driftwatch/internal/drift/drift.go:657.21,658.21 1 1
github.com/k0ns0l/driftwatch/internal/drift/drift.go:659.24,660.30 1 1
github.com/k0ns0l/driftwatch/internal/drift/drift.go:660.30,662.4 1 1
github.com/k0ns0l/driftwatch/internal/drift/drift.go:663.3,663.24 1 1
github.com/k0ns0l/driftwatch/internal/drift/drift.go:664.10,665.21 1 0
github.com/k0ns0l/driftwatch/internal/drift/drift.go:669.63,675.43 3 1
github.com/k0ns0l/driftwatch/internal/drift/drift.go:675.43,676.43 1 1
github.com/k0ns0l/driftwatch/internal/drift/drift.go:676.43,678.4 1 1
github.com/k0ns0l/driftwatch/internal/drift/drift.go:681.2,681.14 1 1
github.com/k0ns0l/driftwatch/internal/drift/drift.go:684.70,686.2 1 1
github.com/k0ns0l/driftwatch/internal/drift/drift.go:688.68,689.19 1 1
github.com/k0ns0l/driftwatch/internal/drift/drift.go:690.44,691.14 1 1
github.com/k0ns0l/driftwatch/internal/drift/drift.go:692.24,693.38 1 1
github.com/k0ns0l/driftwatch/internal/drift/drift.go:694.10,695.15 1 1
github.com/k0ns0l/driftwatch/internal/drift/drift.go:699.85,701.74 1 1
github.com/k0ns0l/driftwatch/internal/drift/drift.go:701.74,703.3 1 1
github.com/k0ns0l/driftwatch/internal/drift/drift.go:706.2,706.74 1 0
github.com/k0ns0l/driftwatch/internal/drift/drift.go:706.74,708.3 1 0
github.com/k0ns0l/driftwatch/internal/drift/drift.go:711.2,711.23 1 0
github.com/k0ns0l/driftwatch/internal/drift/drift.go:714.83,716.74 1 1
github.com/k0ns0l/driftwatch/internal/drift/drift.go:716.74,718.3 1 1
github.com/k0ns0l/driftwatch/internal/drift/drift.go:720.2,720.14 1 0
github.com/k0ns0l/driftwatch/internal/drift/drift.go:723.85,729.43 3 1
github.com/k0ns0l/driftwatch/internal/drift/drift.go:729.43,730.30 1 1
github.com/k0ns0l/driftwatch/internal/drift/drift.go:730.30,732.4 1 1
github.com/k0ns0l/driftwatch/internal/drift/drift.go:735.2,735.23 1 1
github.com/k0ns0l/driftwatch/internal/drift/drift.go:738.77,744.43 3 1
github.com/k0ns0l/driftwatch/internal/drift/drift.go:744.43,745.30 1 1
github.com/k0ns0l/driftwatch/internal/drift/drift.go:745.30,747.4 1 1
github.com/k0ns0l/driftwatch/internal/drift/drift.go:750.2,750.14 1 1
github.com/k0ns0l/driftwatch/internal/drift/drift.go:753.89,754.51 1 1
github.com/k0ns0l/driftwatch/internal/drift/drift.go:754.51,756.3 1 1
github.com/k0ns0l/driftwatch/internal/drift/drift.go:758.2,758.20 1 0
github.com/k0ns0l/driftwatch/internal/drift/drift.go:761.95,764.50 2 1
github.com/k0ns0l/driftwatch/internal/drift/drift.go:764.50,766.3 1 1
github.com/k0ns0l/driftwatch/internal/drift/drift.go:766.8,766.56 1 1
github.com/k0ns0l/driftwatch/internal/drift/drift.go:766.56,768.3 1 1
github.com/k0ns0l/driftwatch/internal/drift/drift.go:768.8,768.56 1 1
github.com/k0ns0l/driftwatch/internal/drift/drift.go:768.56,770.3 1 1
github.com/k0ns0l/driftwatch/internal/drift/drift.go:772.2,772.20 1 0
github.com/k0ns0l/driftwatch/internal/drift/drift.go:775.83,776.18 1 1
github.com/k0ns0l/driftwatch/internal/drift/drift.go:777.21,778.30 1 1
github.com/k0ns0l/driftwatch/internal/drift/drift.go:779.23,780.32 1 1
github.com/k0ns0l/driftwatch/internal/drift/drift.go:781.24,782.33 1 1
github.com/k0ns0l/driftwatch/internal/drift/drift.go:783.27,784.30 1 1
github.com/k0ns0l/driftwatch/internal/drift/drift.go:785.10,786.33 1 0
github.com/k0ns0l/driftwatch/internal/drift/drift.go:790.80,791.18 1 1
github.com/k0ns0l/driftwatch/internal/drift/drift.go:792.24,793.29 1 1
github.com/k0ns0l/driftwatch/internal/drift/drift.go:794.20,795.26 1 1
github.com/k0ns0l/driftwatch/internal/drift/drift.go:796.22,797.29 1 1
github.com/k0ns0l/driftwatch/internal/drift/drift.go:798.19,799.26 1 1
github.com/k0ns0l/driftwatch/internal/drift/drift.go:800.10,801.25 1 0
github.com/k0ns0l/driftwatch/internal/drift/drift.go:805.78,806.19 1 1
github.com/k0ns0l/driftwatch/internal/drift/drift.go:807.21,808.86 1 1
github.com/k0ns0l/driftwatch/internal/drift/drift.go:809.23,810.94 1 1
github.com/k0ns0l/driftwatch/internal/drift/drift.go:811.24,812.98 1 1
github.com/k0ns0l/driftwatch/internal/drift/drift.go:813.27,814.103 1 1
github.com/k0ns0l/driftwatch/internal/drift/drift.go:815.10,816.59 1 0
github.com/k0ns0l/driftwatch/internal/drift/drift.go:820.71,821.19 1 1
github.com/k0ns0l/driftwatch/internal/drift/drift.go:822.23,823.83 1 1
github.com/k0ns0l/driftwatch/internal/drift/drift.go:824.27,825.91 1 1
github.com/k0ns0l/driftwatch/internal/drift/drift.go:826.24,827.35 1 0
github.com/k0ns0l/driftwatch/internal/drift/drift.go:827.35,829.4 1 0
github.com/k0ns0l/driftwatch/internal/drift/drift.go:830.3,830.59 1 0
github.com/k0ns0l/driftwatch/internal/drift/drift.go:831.10,832.65 1 0
github.com/k0ns0l/driftwatch/internal/drift/drift.go:836.106,839.15 2 1
github.com/k0ns0l/driftwatch/internal/drift/drift.go:839.15,842.3 1 1
github.com/k0ns0l/driftwatch/internal/drift/drift.go:842.8,845.3 1 1
github.com/k0ns0l/driftwatch/internal/drift/drift.go:848.85,851.34 2 1
github.com/k0ns0l/driftwatch/internal/drift/drift.go:851.34,853.3 1 1
github.com/k0ns0l/driftwatch/internal/drift/drift.go:855.2,855.38 1 1
github.com/k0ns0l/driftwatch/internal/drift/drift.go:855.38,857.3 1 1
github.com/k0ns0l/driftwatch/internal/drift/drift.go:859.2,859.34 1 1
github.com/k0ns0l/driftwatch/internal/drift/drift.go:859.34,861.3 1 1
github.com/k0ns0l/driftwatch/internal/drift/drift.go:863.2,863.23 1 1
github.com/k0ns0l/driftwatch/internal/drift/drift.go:863.23,865.3 1 1
github.com/k0ns0l/driftwatch/internal/drift/drift.go:867.2,867.36 1 1
github.com/k0ns0l/driftwatch/internal/drift/drift.go:870.65,874.50 2 1
github.com/k0ns0l/driftwatch/internal/drift/drift.go:874.50,876.22 2 1
github.com/k0ns0l/driftwatch/internal/drift/drift.go:876.22,878.4 1 1
github.com/k0ns0l/driftwatch/internal/drift/drift.go:879.3,879.53 1 1
github.com/k0ns0l/driftwatch/internal/drift/drift.go:882.2,882.44 1 1
github.com/k0ns0l/driftwatch/internal/drift/drift.go:882.44,885.3 2 1
github.com/k0ns0l/driftwatch/internal/drift/drift.go:887.2,887.38 1 1
github.com/k0ns0l/driftwatch/internal/drift/drift.go:887.38,890.3 2 1
github.com/k0ns0l/driftwatch/internal/drift/drift.go:893.93,894.18 1 1
github.com/k0ns0l/driftwatch/internal/drift/drift.go:895.24,896.28 1 1
github.com/k0ns0l/driftwatch/internal/drift/drift.go:897.20,898.24 1 1
github.com/k0ns0l/driftwatch/internal/drift/drift.go:899.22,900.26 1 1
github.com/k0ns0l/driftwatch/internal/drift/drift.go:901.19,902.23 1 1
github.com/k0ns0l/driftwatch/internal/drift/drift.go:907.90,908.24 1 1
github.com/k0ns0l/driftwatch/internal/drift/drift.go:908.24,910.3 1 1
github.com/k0ns0l/driftwatch/internal/drift/drift.go:913.2,920.24 2 1
github.com/k0ns0l/driftwatch/internal/drift/drift.go:920.24,922.3 1 1
github.com/k0ns0l/driftwatch/internal/drift/drift.go:925.2,926.38 2 1
github.com/k0ns0l/driftwatch/internal/drift/drift.go:926.38,928.17 2 1
github.com/k0ns0l/driftwatch/internal/drift/drift.go:928.17,929.12 1 0
github.com/k0ns0l/driftwatch/internal/drift/drift.go:931.3,931.24 1 1
github.com/k0ns0l/driftwatch/internal/drift/drift.go:931.24,933.4 1 1
github.com/k0ns0l/driftwatch/internal/drift/drift.go:936.2,940.24 3 1
github.com/k0ns0l/driftwatch/internal/drift/drift.go:940.24,942.3 1 1
github.com/k0ns0l/driftwatch/internal/drift/drift.go:944.2,944.22 1 1
github.com/k0ns0l/driftwatch/internal/drift/drift.go:947.94,948.24 1 1
github.com/k0ns0l/driftwatch/internal/drift/drift.go:948.24,950.3 1 0
github.com/k0ns0l/driftwatch/internal/drift/drift.go:952.2,955.33 3 1
github.com/k0ns0l/driftwatch/internal/drift/drift.go:955.33,956.28 1 1
github.com/k0ns0l/driftwatch/internal/drift/drift.go:956.28,959.4 2 1
github.com/k0ns0l/driftwatch/internal/drift/drift.go:962.2,962.25 1 1
github.com/k0ns0l/driftwatch/internal/drift/drift.go:962.25,964.3 1 0
github.com/k0ns0l/driftwatch/internal/drift/drift.go:966.2,973.32 5 1
github.com/k0ns0l/driftwatch/internal/drift/drift.go:973.32,974.36 1 1
github.com/k0ns0l/driftwatch/internal/drift/drift.go:974.36,977.4 2 1
github.com/k0ns0l/driftwatch/internal/drift/drift.go:980.2,980.45 1 1
github.com/k0ns0l/driftwatch/internal/drift/drift.go:980.45,981.36 1 1
github.com/k0ns0l/driftwatch/internal/drift/drift.go:981.36,984.4 2 1
github.com/k0ns0l/driftwatch/internal/drift/drift.go:987.2,987.24 1 1
github.com/k0ns0l/driftwatch/internal/drift/drift.go:987.24,989.3 1 1
github.com/k0ns0l/driftwatch/internal/drift/drift.go:990.2,990.25 1 1
github.com/k0ns0l/driftwatch/internal/drift/drift.go:990.25,992.3 1 1
github.com/k0ns0l/driftwatch/internal/drift/drift.go:994.2,995.40 2 1
github.com/k0ns0l/driftwatch/internal/drift/drift.go:995.40,997.3 1 1
github.com/k0ns0l/driftwatch/internal/drift/drift.go:997.8,997.46 1 0
github.com/k0ns0l/driftwatch/internal/drift/drift.go:997.46,999.3 1 0
github.com/k0ns0l/driftwatch/internal/drift/drift.go:1001.2,1005.3 1 1
github.com/k0ns0l/driftwatch/internal/logging/logger.go:45.41,53.2 1 1
github.com/k0ns0l/driftwatch/internal/logging/logger.go:63.54,68.23 3 1
github.com/k0ns0l/driftwatch/internal/logging/logger.go:69.16,70.21 1 1
github.com/k0ns0l/driftwatch/internal/logging/logger.go:71.16,72.21 1 1
github.com/k0ns0l/driftwatch/internal/logging/logger.go:73.10,74.21 1 0
github.com/k0ns0l/driftwatch/internal/logging/logger.go:75.10,78.49 2 1
github.com/k0ns0l/driftwatch/internal/logging/logger.go:78.49,80.4 1 1
github.com/k0ns0l/driftwatch/internal/logging/logger.go:82.3,83.17 2 1
github.com/k0ns0l/driftwatch/internal/logging/logger.go:83.17,85.4 1 0
github.com/k0ns0l/driftwatch/internal/logging/logger.go:86.3,87.11 2 1
github.com/k0ns0l/driftwatch/internal/logging/logger.go:91.2,92.22 2 1
github.com/k0ns0l/driftwatch/internal/logging/logger.go:93.21,94.26 1 1
github.com/k0ns0l/driftwatch/internal/logging/logger.go:95.20,96.25 1 1
github.com/k0ns0l/driftwatch/internal/logging/logger.go:97.20,98.25 1 1
github.com/k0ns0l/driftwatch/internal/logging/logger.go:99.21,100.26 1 1
github.com/k0ns0l/driftwatch/internal/logging/logger.go:101.10,102.25 1 0
github.com/k0ns0l/driftwatch/internal/logging/logger.go:106.2,113.23 3 1
github.com/k0ns0l/driftwatch/internal/logging/logger.go:114.21,115.46 1 1
github.com/k0ns0l/driftwatch/internal/logging/logger.go:116.21,117.46 1 1
github.com/k0ns0l/driftwatch/internal/logging/logger.go:118.10,119.46 1 0
github.com/k0ns0l/driftwatch/internal/logging/logger.go:122.2,129.8 2 1
github.com/k0ns0l/driftwatch/internal/logging/logger.go:133.32,134.19 1 1
github.com/k0ns0l/driftwatch/internal/logging/logger.go:134.19,136.3 1 1
github.com/k0ns0l/driftwatch/internal/logging/logger.go:137.2,137.12 1 1
github.com/k0ns0l/driftwatch/internal/logging/logger.go:141.92,142.50 1 1
github.com/k0ns0l/driftwatch/internal/logging/logger.go:142.50,150.25 2 1
github.com/k0ns0l/driftwatch/internal/logging/logger.go:150.25,152.4 1 1
github.com/k0ns0l/driftwatch/internal/logging/logger.go:154.3,154.27 1 1
github.com/k0ns0l/driftwatch/internal/logging/logger.go:154.27,155.40 1 1
github.com/k0ns0l/driftwatch/internal/logging/logger.go:155.40,157.5 1 1
github.com/k0ns0l/driftwatch/internal/logging/logger.go:160.3,160.23 1 1
github.com/k0ns0l/driftwatch/internal/logging/logger.go:160.23,162.4 1 1
github.com/k0ns0l/driftwatch/internal/logging/logger.go:164.3,164.50 1 1
github.com/k0ns0l/driftwatch/internal/logging/logger.go:165.8,167.3 1 0
github.com/k0ns0l/driftwatch/internal/logging/logger.go:171.113,179.2 1 1
github.com/k0ns0l/driftwatch/internal/logging/logger.go:182.83,187.2 1 1
github.com/k0ns0l/driftwatch/internal/logging/logger.go:190.83,196.2 1 1
github.com/k0ns0l/driftwatch/internal/logging/logger.go:199.91,201.2 1 1
github.com/k0ns0l/driftwatch/internal/logging/logger.go:204.122,207.2 2 1
github.com/k0ns0l/driftwatch/internal/logging/logger.go:210.133,213.2 2 1
github.com/k0ns0l/driftwatch/internal/logging/logger.go:216.100,218.34 2 1
github.com/k0ns0l/driftwatch/internal/logging/logger.go:218.34,220.3 1 1
github.com/k0ns0l/driftwatch/internal/logging/logger.go:221.2,221.40 1 1
github.com/k0ns0l/driftwatch/internal/logging/logger.go:225.118,227.34 2 1
github.com/k0ns0l/driftwatch/internal/logging/logger.go:227.34,229.3 1 1
github.com/k0ns0l/driftwatch/internal/logging/logger.go:231.2,231.13 1 1
github.com/k0ns0l/driftwatch/internal/logging/logger.go:231.13,233.3 1 1
github.com/k0ns0l/driftwatch/internal/logging/logger.go:233.8,235.3 1 1
github.com/k0ns0l/driftwatch/internal/logging/logger.go:239.105,241.34 2 0
github.com/k0ns0l/driftwatch/internal/logging/logger.go:241.34,243.3 1 0
github.com/k0ns0l/driftwatch/internal/logging/logger.go:244.2,244.42 1 0
github.com/k0ns0l/driftwatch/internal/logging/logger.go:261.38,268.42 3 1
github.com/k0ns0l/driftwatch/internal/logging/logger.go:268.42,269.44 1 1
github.com/k0ns0l/driftwatch/internal/logging/logger.go:269.44,271.4 1 1
github.com/k0ns0l/driftwatch/internal/logging/logger.go:273.2,273.14 1 1
github.com/k0ns0l/driftwatch/internal/logging/logger.go:277.80,283.2 1 0
github.com/k0ns0l/driftwatch/internal/logging/logger.go:286.58,292.2 1 1
github.com/k0ns0l/driftwatch/internal/logging/logger.go:295.58,301.2 1 1
github.com/k0ns0l/driftwatch/internal/logging/logger.go:304.58,310.2 1 1
github.com/k0ns0l/driftwatch/internal/logging/logger.go:313.38,315.2 1 0
github.com/k0ns0l/driftwatch/internal/logging/logger.go:318.60,322.2 3 0
github.com/k0ns0l/driftwatch/internal/logging/logger.go:325.40,327.2 1 1
github.com/k0ns0l/driftwatch/internal/logging/logger.go:330.39,332.2 1 1
github.com/k0ns0l/driftwatch/internal/logging/logger.go:338.50,340.16 2 1
github.com/k0ns0l/driftwatch/internal/logging/logger.go:340.16,342.3 1 0
github.com/k0ns0l/driftwatch/internal/logging/logger.go:343.2,344.12 2 1
github.com/k0ns0l/driftwatch/internal/logging/logger.go:348.32,349.25 1 1
github.com/k0ns0l/driftwatch/internal/logging/logger.go:349.25,353.17 3 1
github.com/k0ns0l/driftwatch/internal/logging/logger.go:353.17,355.66 1 0
github.com/k0ns0l/driftwatch/internal/logging/logger.go:357.3,357.24 1 1
github.com/k0ns0l/driftwatch/internal/logging/logger.go:359.2,359.21 1 1
github.com/k0ns0l/driftwatch/internal/logging/logger.go:363.32,364.25 1 1
github.com/k0ns0l/driftwatch/internal/logging/logger.go:364.25,368.3 3 1
github.com/k0ns0l/driftwatch/internal/logging/logger.go:369.2,369.12 1 0
github.com/k0ns0l/driftwatch/internal/config/config.go:149.30,183.2 1 1
github.com/k0ns0l/driftwatch/internal/config/config.go:186.53,190.22 2 1
github.com/k0ns0l/driftwatch/internal/config/config.go:190.22,192.3 1 1
github.com/k0ns0l/driftwatch/internal/config/config.go:192.8,196.3 3 1
github.com/k0ns0l/driftwatch/internal/config/config.go:199.2,207.41 5 1
github.com/k0ns0l/driftwatch/internal/config/config.go:207.41,208.55 1 1
github.com/k0ns0l/driftwatch/internal/config/config.go:208.56,210.4 0 1
github.com/k0ns0l/driftwatch/internal/config/config.go:210.9,214.4 1 1
github.com/k0ns0l/driftwatch/internal/config/config.go:218.2,219.44 2 1
github.com/k0ns0l/driftwatch/internal/config/config.go:219.44,223.3 1 0
github.com/k0ns0l/driftwatch/internal/config/config.go:226.2,229.47 2 1
github.com/k0ns0l/driftwatch/internal/config/config.go:229.47,230.51 1 0
github.com/k0ns0l/driftwatch/internal/config/config.go:230.51,232.4 1 0
github.com/k0ns0l/driftwatch/internal/config/config.go:233.3,235.83 1 0
github.com/k0ns0l/driftwatch/internal/config/config.go:238.2,238.20 1 1
github.com/k0ns0l/driftwatch/internal/config/config.go:242.34,267.2 19 1
github.com/k0ns0l/driftwatch/internal/config/config.go:270.40,274.34 2 1
github.com/k0ns0l/driftwatch/internal/config/config.go:274.34,275.55 1 1
github.com/k0ns0l/driftwatch/internal/config/config.go:275.55,276.85 1 1
github.com/k0ns0l/driftwatch/internal/config/config.go:276.85,278.54 2 1
github.com/k0ns0l/driftwatch/internal/config/config.go:278.54,280.6 1 1
github.com/k0ns0l/driftwatch/internal/config/config.go:281.5,281.17 1 1
github.com/k0ns0l/driftwatch/internal/config/config.go:283.4,283.50 1 1
github.com/k0ns0l/driftwatch/internal/config/config.go:288.2,288.42 1 1
github.com/k0ns0l/driftwatch/internal/config/config.go:288.42,289.64 1 1
github.com/k0ns0l/driftwatch/internal/config/config.go:289.64,290.42 1 1
github.com/k0ns0l/driftwatch/internal/config/config.go:290.42,291.89 1 1
github.com/k0ns0l/driftwatch/internal/config/config.go:291.89,293.55 2 1
github.com/k0ns0l/driftwatch/internal/config/config.go:293.55,295.7 1 1
github.com/k0ns0l/driftwatch/internal/config/config.go:296.6,296.18 1 0
github.com/k0ns0l/driftwatch/internal/config/config.go:298.5,298.60 1 1
github.com/k0ns0l/driftwatch/internal/config/utils.go:12.56,15.48 2 1
github.com/k0ns0l/driftwatch/internal/config/utils.go:15.48,17.3 1 0
github.com/k0ns0l/driftwatch/internal/config/utils.go:20.2,21.16 2 1
github.com/k0ns0l/driftwatch/internal/config/utils.go:21.16,23.3 1 0
github.com/k0ns0l/driftwatch/internal/config/utils.go:26.2,26.60 1 1
github.com/k0ns0l/driftwatch/internal/config/utils.go:26.60,28.3 1 0
github.com/k0ns0l/driftwatch/internal/config/utils.go:30.2,30.12 1 1
github.com/k0ns0l/driftwatch/internal/config/utils.go:34.53,80.2 4 1
github.com/k0ns0l/driftwatch/internal/config/utils.go:83.50,84.22 1 1
github.com/k0ns0l/driftwatch/internal/config/utils.go:84.22,86.3 1 1
github.com/k0ns0l/driftwatch/internal/config/utils.go:87.2,87.27 1 1
github.com/k0ns0l/driftwatch/internal/config/utils.go:91.41,94.2 2 1
github.com/k0ns0l/driftwatch/internal/config/utils.go:97.61,99.39 1 1
github.com/k0ns0l/driftwatch/internal/config/utils.go:99.39,100.33 1 1
github.com/k0ns0l/driftwatch/internal/config/utils.go:100.33,102.4 1 1
github.com/k0ns0l/driftwatch/internal/config/utils.go:106.2,106.64 1 1
github.com/k0ns0l/driftwatch/internal/config/utils.go:106.64,108.3 1 0
github.com/k0ns0l/driftwatch/internal/config/utils.go:110.2,111.12 2 1
github.com/k0ns0l/driftwatch/internal/config/utils.go:115.50,116.39 1 1
github.com/k0ns0l/driftwatch/internal/config/utils.go:116.39,117.24 1 1
github.com/k0ns0l/driftwatch/internal/config/utils.go:117.24,120.4 2 1
github.com/k0ns0l/driftwatch/internal/config/utils.go:122.2,122.58 1 1
github.com/k0ns0l/driftwatch/internal/config/utils.go:126.66,127.39 1 1
github.com/k0ns0l/driftwatch/internal/config/utils.go:127.39,128.24 1 1
github.com/k0ns0l/driftwatch/internal/config/utils.go:128.24,130.4 1 1
github.com/k0ns0l/driftwatch/internal/config/utils.go:132.2,132.63 1 1
github.com/k0ns0l/driftwatch/internal/config/utils.go:136.74,137.39 1 1
github.com/k0ns0l/driftwatch/internal/config/utils.go:137.39,138.24 1 1
github.com/k0ns0l/driftwatch/internal/config/utils.go:138.24,140.65 1 1
github.com/k0ns0l/driftwatch/internal/config/utils.go:140.65,142.5 1 0
github.com/k0ns0l/driftwatch/internal/config/utils.go:144.4,145.14 2 1
github.com/k0ns0l/driftwatch/internal/config/utils.go:148.2,148.58 1 0
github.com/k0ns0l/driftwatch/internal/config/utils.go:152.51,154.2 1 0
github.com/k0ns0l/driftwatch/internal/config/utils.go:157.57,159.39 2 1
github.com/k0ns0l/driftwatch/internal/config/utils.go:159.39,160.23 1 1
github.com/k0ns0l/driftwatch/internal/config/utils.go:160.23,162.4 1 1
github.com/k0ns0l/driftwatch/internal/config/utils.go:164.2,164.16 1 1
github.com/k0ns0l/driftwatch/internal/config/validation.go:18.41,20.2 1 1
github.com/k0ns0l/driftwatch/internal/config/validation.go:25.42,26.17 1 1
github.com/k0ns0l/driftwatch/internal/config/validation.go:26.17,28.3 1 1
github.com/k0ns0l/driftwatch/internal/config/validation.go:30.2,31.24 2 1
github.com/k0ns0l/driftwatch/internal/config/validation.go:31.24,33.3 1 1
github.com/k0ns0l/driftwatch/internal/config/validation.go:34.2,35.42 1 1
github.com/k0ns0l/driftwatch/internal/config/validation.go:39.43,43.57 2 1
github.com/k0ns0l/driftwatch/internal/config/validation.go:43.57,44.55 1 0
github.com/k0ns0l/driftwatch/internal/config/validation.go:44.55,46.4 1 0
github.com/k0ns0l/driftwatch/internal/config/validation.go:46.9,51.4 1 0
github.com/k0ns0l/driftwatch/internal/config/validation.go:55.2,55.55 1 1
github.com/k0ns0l/driftwatch/internal/config/validation.go:55.55,56.55 1 0
github.com/k0ns0l/driftwatch/internal/config/validation.go:56.55,58.4 1 0
github.com/k0ns0l/driftwatch/internal/config/validation.go:58.9,63.4 1 0
github.com/k0ns0l/driftwatch/internal/config/validation.go:67.2,68.44 2 1
github.com/k0ns0l/driftwatch/internal/config/validation.go:68.44,71.66 2 1
github.com/k0ns0l/driftwatch/internal/config/validation.go:71.66,72.56 1 0
github.com/k0ns0l/driftwatch/internal/config/validation.go:72.56,74.5 1 0
github.com/k0ns0l/driftwatch/internal/config/validation.go:74.10,79.5 1 0
github.com/k0ns0l/driftwatch/internal/config/validation.go:83.3,83.24 1 1
github.com/k0ns0l/driftwatch/internal/config/validation.go:83.24,84.32 1 1
github.com/k0ns0l/driftwatch/internal/config/validation.go:84.32,90.5 1 1
github.com/k0ns0l/driftwatch/internal/config/validation.go:91.4,91.35 1 1
github.com/k0ns0l/driftwatch/internal/config/validation.go:96.2,96.59 1 1
github.com/k0ns0l/driftwatch/internal/config/validation.go:96.59,97.55 1 0
github.com/k0ns0l/driftwatch/internal/config/validation.go:97.55,99.4 1 0
github.com/k0ns0l/driftwatch/internal/config/validation.go:99.9,104.4 1 0
github.com/k0ns0l/driftwatch/internal/config/validation.go:108.2,108.61 1 1
github.com/k0ns0l/driftwatch/internal/config/validation.go:108.61,109.55 1 0
github.com/k0ns0l/driftwatch/internal/config/validation.go:109.55,111.4 1 0
github.com/k0ns0l/driftwatch/internal/config/validation.go:111.9,116.4 1 0
github.com/k0ns0l/driftwatch/internal/config/validation.go:119.2,119.21 1 1
github.com/k0ns0l/driftwatch/internal/config/validation.go:119.21,121.3 1 1
github.com/k0ns0l/driftwatch/internal/config/validation.go:123.2,123.12 1 1
github.com/k0ns0l/driftwatch/internal/config/validation.go:127.52,130.43 2 1
github.com/k0ns0l/driftwatch/internal/config/validation.go:130.43,136.3 1 1
github.com/k0ns0l/driftwatch/internal/config/validation.go:138.2,138.29 1 1
github.com/k0ns0l/driftwatch/internal/config/validation.go:138.29,144.3 1 1
github.com/k0ns0l/driftwatch/internal/config/validation.go:146.2,146.36 1 1
github.com/k0ns0l/driftwatch/internal/config/validation.go:146.36,152.3 1 1
github.com/k0ns0l/driftwatch/internal/config/validation.go:154.2,154.27 1 1
github.com/k0ns0l/driftwatch/internal/config/validation.go:154.27,156.49 2 1
github.com/k0ns0l/driftwatch/internal/config/validation.go:156.49,162.4 1 1
github.com/k0ns0l/driftwatch/internal/config/validation.go:165.2,165.21 1 1
github.com/k0ns0l/driftwatch/internal/config/validation.go:165.21,167.3 1 1
github.com/k0ns0l/driftwatch/internal/config/validation.go:169.2,169.12 1 1
github.com/k0ns0l/driftwatch/internal/config/validation.go:173.49,176.47 2 1
github.com/k0ns0l/driftwatch/internal/config/validation.go:176.47,182.3 1 1
github.com/k0ns0l/driftwatch/internal/config/validation.go:184.2,184.25 1 1
github.com/k0ns0l/driftwatch/internal/config/validation.go:184.25,190.3 1 1
github.com/k0ns0l/driftwatch/internal/config/validation.go:192.2,192.36 1 1
github.com/k0ns0l/driftwatch/internal/config/validation.go:192.36,198.3 1 1
github.com/k0ns0l/driftwatch/internal/config/validation.go:200.2,200.27 1 1
github.com/k0ns0l/driftwatch/internal/config/validation.go:200.27,206.3 1 1
github.com/k0ns0l/driftwatch/internal/config/validation.go:208.2,208.28 1 1
github.com/k0ns0l/driftwatch/internal/config/validation.go:208.28,214.3 1 1
github.com/k0ns0l/driftwatch/internal/config/validation.go:216.2,216.28 1 1
github.com/k0ns0l/driftwatch/internal/config/validation.go:216.28,222.3 1 1
github.com/k0ns0l/driftwatch/internal/config/validation.go:224.2,224.28 1 1
github.com/k0ns0l/driftwatch/internal/config/validation.go:224.28,230.3 1 1
github.com/k0ns0l/driftwatch/internal/config/validation.go:232.2,232.29 1 1
github.com/k0ns0l/driftwatch/internal/config/validation.go:232.29,238.3 1 1
github.com/k0ns0l/driftwatch/internal/config/validation.go:240.2,240.49 1 1
github.com/k0ns0l/driftwatch/internal/config/validation.go:240.49,246.3 1 1
github.com/k0ns0l/driftwatch/internal/config/validation.go:248.2,248.21 1 1
github.com/k0ns0l/driftwatch/internal/config/validation.go:248.21,250.3 1 1
github.com/k0ns0l/driftwatch/internal/config/validation.go:252.2,252.12 1 1
github.com/k0ns0l/driftwatch/internal/config/validation.go:256.75,271.26 7 1
github.com/k0ns0l/driftwatch/internal/config/validation.go:271.26,272.90 1 1
github.com/k0ns0l/driftwatch/internal/config/validation.go:272.90,273.56 1 1
github.com/k0ns0l/driftwatch/internal/config/validation.go:273.56,275.5 1 1
github.com/k0ns0l/driftwatch/internal/config/validation.go:275.10,280.5 1 0
github.com/k0ns0l/driftwatch/internal/config/validation.go:284.2,284.21 1 1
github.com/k0ns0l/driftwatch/internal/config/validation.go:284.21,286.3 1 1
github.com/k0ns0l/driftwatch/internal/config/validation.go:288.2,288.12 1 1
github.com/k0ns0l/driftwatch/internal/config/validation.go:292.66,295.33 2 1
github.com/k0ns0l/driftwatch/internal/config/validation.go:295.33,301.3 1 1
github.com/k0ns0l/driftwatch/internal/config/validation.go:301.8,303.31 2 1
github.com/k0ns0l/driftwatch/internal/config/validation.go:303.31,309.4 1 1
github.com/k0ns0l/driftwatch/internal/config/validation.go:312.2,312.15 1 1
github.com/k0ns0l/driftwatch/internal/config/validation.go:316.76,319.42 2 1
github.com/k0ns0l/driftwatch/internal/config/validation.go:319.42,325.3 1 1
github.com/k0ns0l/driftwatch/internal/config/validation.go:325.8,327.17 2 1
github.com/k0ns0l/driftwatch/internal/config/validation.go:327.17,333.4 1 0
github.com/k0ns0l/driftwatch/internal/config/validation.go:333.9,333.60 1 1
github.com/k0ns0l/driftwatch/internal/config/validation.go:333.60,339.4 1 1
github.com/k0ns0l/driftwatch/internal/config/validation.go:339.9,339.71 1 1
github.com/k0ns0l/driftwatch/internal/config/validation.go:339.71,345.4 1 1
github.com/k0ns0l/driftwatch/internal/config/validation.go:348.2,348.15 1 1
github.com/k0ns0l/driftwatch/internal/config/validation.go:352.74,361.28 4 1
github.com/k0ns0l/driftwatch/internal/config/validation.go:361.28,367.3 1 1
github.com/k0ns0l/driftwatch/internal/config/validation.go:367.8,367.44 1 1
github.com/k0ns0l/driftwatch/internal/config/validation.go:367.44,373.3 1 1
github.com/k0ns0l/driftwatch/internal/config/validation.go:375.2,375.15 1 1
github.com/k0ns0l/driftwatch/internal/config/validation.go:379.92,383.28 2 1
github.com/k0ns0l/driftwatch/internal/config/validation.go:383.28,389.3 1 1
github.com/k0ns0l/driftwatch/internal/config/validation.go:391.2,391.37 1 1
github.com/k0ns0l/driftwatch/internal/config/validation.go:391.37,397.3 1 1
github.com/k0ns0l/driftwatch/internal/config/validation.go:399.2,399.38 1 1
github.com/k0ns0l/driftwatch/internal/config/validation.go:399.38,405.3 1 1
github.com/k0ns0l/driftwatch/internal/config/validation.go:408.2,408.26 1 1
github.com/k0ns0l/driftwatch/internal/config/validation.go:408.26,409.39 1 1
github.com/k0ns0l/driftwatch/internal/config/validation.go:409.39,415.4 1 1
github.com/k0ns0l/driftwatch/internal/config/validation.go:418.2,418.15 1 1
github.com/k0ns0l/driftwatch/internal/config/validation.go:422.81,425.20 2 1
github.com/k0ns0l/driftwatch/internal/config/validation.go:425.20,431.3 1 1
github.com/k0ns0l/driftwatch/internal/config/validation.go:433.2,433.21 1 1
github.com/k0ns0l/driftwatch/internal/config/validation.go:433.21,439.3 1 1
github.com/k0ns0l/driftwatch/internal/config/validation.go:441.2,441.15 1 1
github.com/k0ns0l/driftwatch/internal/config/validation.go:445.63,449.65 2 1
github.com/k0ns0l/driftwatch/internal/config/validation.go:449.65,450.55 1 1
github.com/k0ns0l/driftwatch/internal/config/validation.go:450.55,452.4 1 1
github.com/k0ns0l/driftwatch/internal/config/validation.go:453.3,453.13 1 0
github.com/k0ns0l/driftwatch/internal/config/validation.go:457.2,457.19 1 1
github.com/k0ns0l/driftwatch/internal/config/validation.go:458.22,459.75 1 1
github.com/k0ns0l/driftwatch/internal/config/validation.go:460.21,461.73 1 1
github.com/k0ns0l/driftwatch/internal/config/validation.go:462.22,463.75 1 1
github.com/k0ns0l/driftwatch/internal/config/validation.go:464.22,465.75 1 1
github.com/k0ns0l/driftwatch/internal/config/validation.go:466.20,466.20 0 1
github.com/k0ns0l/driftwatch/internal/config/validation.go:470.2,470.21 1 1
github.com/k0ns0l/driftwatch/internal/config/validation.go:470.21,472.3 1 1
github.com/k0ns0l/driftwatch/internal/config/validation.go:474.2,474.12 1 1
github.com/k0ns0l/driftwatch/internal/config/validation.go:478.68,487.27 2 1
github.com/k0ns0l/driftwatch/internal/config/validation.go:487.27,493.3 1 1
github.com/k0ns0l/driftwatch/internal/config/validation.go:495.2,495.12 1 1
github.com/k0ns0l/driftwatch/internal/config/validation.go:499.82,502.19 2 1
github.com/k0ns0l/driftwatch/internal/config/validation.go:502.19,507.3 1 1
github.com/k0ns0l/driftwatch/internal/config/validation.go:507.8,508.44 1 1
github.com/k0ns0l/driftwatch/internal/config/validation.go:508.44,514.4 1 1
github.com/k0ns0l/driftwatch/internal/config/validation.go:517.2,517.15 1 1
github.com/k0ns0l/driftwatch/internal/config/validation.go:521.79,524.18 2 1
github.com/k0ns0l/driftwatch/internal/config/validation.go:524.18,529.3 1 1
github.com/k0ns0l/driftwatch/internal/config/validation.go:529.8,530.46 1 1
github.com/k0ns0l/driftwatch/internal/config/validation.go:530.46,536.4 1 1
github.com/k0ns0l/driftwatch/internal/config/validation.go:540.2,540.15 1 1
github.com/k0ns0l/driftwatch/internal/config/validation.go:544.82,547.19 2 1
github.com/k0ns0l/driftwatch/internal/config/validation.go:547.19,552.3 1 1
github.com/k0ns0l/driftwatch/internal/config/validation.go:552.8,553.45 1 1
github.com/k0ns0l/driftwatch/internal/config/validation.go:553.45,559.4 1 1
github.com/k0ns0l/driftwatch/internal/config/validation.go:560.3,560.44 1 1
github.com/k0ns0l/driftwatch/internal/config/validation.go:560.44,566.4 1 1
github.com/k0ns0l/driftwatch/internal/config/validation.go:569.2,569.15 1 1
github.com/k0ns0l/driftwatch/internal/config/validation.go:573.82,576.19 2 1
github.com/k0ns0l/driftwatch/internal/config/validation.go:576.19,581.3 1 1
github.com/k0ns0l/driftwatch/internal/config/validation.go:581.8,584.3 2 1
github.com/k0ns0l/driftwatch/internal/config/validation.go:586.2,586.15 1 1
github.com/k0ns0l/driftwatch/internal/config/validation.go:590.76,593.39 2 1
github.com/k0ns0l/driftwatch/internal/config/validation.go:593.39,599.3 1 1
github.com/k0ns0l/driftwatch/internal/config/validation.go:599.8,600.56 1 1
github.com/k0ns0l/driftwatch/internal/config/validation.go:600.56,606.4 1 0
github.com/k0ns0l/driftwatch/internal/config/validation.go:606.9,606.60 1 1
github.com/k0ns0l/driftwatch/internal/config/validation.go:606.60,612.4 1 1
github.com/k0ns0l/driftwatch/internal/config/validation.go:612.9,612.71 1 1
github.com/k0ns0l/driftwatch/internal/config/validation.go:612.71,618.4 1 0
github.com/k0ns0l/driftwatch/internal/config/validation.go:621.2,621.15 1 1
github.com/k0ns0l/driftwatch/internal/config/validation.go:625.89,628.46 2 1
github.com/k0ns0l/driftwatch/internal/config/validation.go:628.46,634.3 1 1
github.com/k0ns0l/driftwatch/internal/config/validation.go:636.2,636.50 1 1
github.com/k0ns0l/driftwatch/internal/config/validation.go:636.50,642.3 1 1
github.com/k0ns0l/driftwatch/internal/config/validation.go:644.2,644.15 1 1
github.com/k0ns0l/driftwatch/internal/config/validation.go:648.55,653.44 3 1
github.com/k0ns0l/driftwatch/internal/config/validation.go:653.44,656.44 2 1
github.com/k0ns0l/driftwatch/internal/config/validation.go:656.44,662.4 1 1
github.com/k0ns0l/driftwatch/internal/config/validation.go:662.9,663.34 1 1
github.com/k0ns0l/driftwatch/internal/config/validation.go:663.34,669.5 1 1
github.com/k0ns0l/driftwatch/internal/config/validation.go:670.4,670.37 1 1
github.com/k0ns0l/driftwatch/internal/config/validation.go:673.3,674.32 2 1
github.com/k0ns0l/driftwatch/internal/config/validation.go:674.32,680.4 1 1
github.com/k0ns0l/driftwatch/internal/config/validation.go:683.3,683.94 1 1
github.com/k0ns0l/driftwatch/internal/config/validation.go:683.94,684.56 1 1
github.com/k0ns0l/driftwatch/internal/config/validation.go:684.56,686.5 1 1
github.com/k0ns0l/driftwatch/internal/config/validation.go:691.2,691.38 1 1
github.com/k0ns0l/driftwatch/internal/config/validation.go:691.38,694.41 2 1
github.com/k0ns0l/driftwatch/internal/config/validation.go:694.41,700.4 1 1
github.com/k0ns0l/driftwatch/internal/config/validation.go:702.3,703.42 2 1
github.com/k0ns0l/driftwatch/internal/config/validation.go:703.42,704.34 1 1
github.com/k0ns0l/driftwatch/internal/config/validation.go:704.34,710.5 1 1
github.com/k0ns0l/driftwatch/internal/config/validation.go:714.3,714.45 1 1
github.com/k0ns0l/driftwatch/internal/config/validation.go:714.45,715.34 1 1
github.com/k0ns0l/driftwatch/internal/config/validation.go:715.34,721.5 1 1
github.com/k0ns0l/driftwatch/internal/config/validation.go:725.2,725.21 1 1
github.com/k0ns0l/driftwatch/internal/config/validation.go:725.21,727.3 1 1
github.com/k0ns0l/driftwatch/internal/config/validation.go:729.2,729.12 1 1
github.com/k0ns0l/driftwatch/internal/config/validation.go:733.109,736.21 2 1
github.com/k0ns0l/driftwatch/internal/config/validation.go:737.15,738.96 1 1
github.com/k0ns0l/driftwatch/internal/config/validation.go:739.17,740.98 1 0
github.com/k0ns0l/driftwatch/internal/config/validation.go:741.15,742.75 1 1
github.com/k0ns0l/driftwatch/internal/config/validation.go:743.17,744.90 1 1
github.com/k0ns0l/driftwatch/internal/config/validation.go:747.2,747.21 1 1
github.com/k0ns0l/driftwatch/internal/config/validation.go:747.21,749.3 1 1
github.com/k0ns0l/driftwatch/internal/config/validation.go:751.2,751.12 1 1
github.com/k0ns0l/driftwatch/internal/config/validation.go:755.118,760.9 4 1
github.com/k0ns0l/driftwatch/internal/config/validation.go:760.9,766.3 2 1
github.com/k0ns0l/driftwatch/internal/config/validation.go:768.2,768.41 1 1
github.com/k0ns0l/driftwatch/internal/config/validation.go:768.41,775.3 2 0
github.com/k0ns0l/driftwatch/internal/config/validation.go:778.2,778.41 1 1
github.com/k0ns0l/driftwatch/internal/config/validation.go:778.41,780.67 2 1
github.com/k0ns0l/driftwatch/internal/config/validation.go:780.67,786.4 1 1
github.com/k0ns0l/driftwatch/internal/config/validation.go:789.2,789.15 1 1
github.com/k0ns0l/driftwatch/internal/config/validation.go:793.98,797.39 3 1
github.com/k0ns0l/driftwatch/internal/config/validation.go:797.39,798.36 1 1
github.com/k0ns0l/driftwatch/internal/config/validation.go:798.36,803.4 1 1
github.com/k0ns0l/driftwatch/internal/config/validation.go:806.2,806.15 1 1
github.com/k0ns0l/driftwatch/internal/config/validation.go:810.58,813.34 2 1
github.com/k0ns0l/driftwatch/internal/config/validation.go:813.34,819.3 1 1
github.com/k0ns0l/driftwatch/internal/config/validation.go:821.2,821.35 1 1
github.com/k0ns0l/driftwatch/internal/config/validation.go:821.35,827.3 1 1
github.com/k0ns0l/driftwatch/internal/config/validation.go:829.2,830.43 2 1
github.com/k0ns0l/driftwatch/internal/config/validation.go:830.43,836.3 1 1
github.com/k0ns0l/driftwatch/internal/config/validation.go:838.2,838.21 1 1
github.com/k0ns0l/driftwatch/internal/config/validation.go:838.21,840.3 1 1
github.com/k0ns0l/driftwatch/internal/config/validation.go:842.2,842.12 1 1
github.com/k0ns0l/driftwatch/internal/recovery/recovery.go:36.45,45.2 1 1
github.com/k0ns0l/driftwatch/internal/recovery/recovery.go:54.89,55.19 1 1
github.com/k0ns0l/driftwatch/internal/recovery/recovery.go:55.19,57.3 1 1
github.com/k0ns0l/driftwatch/internal/recovery/recovery.go:59.2,62.3 1 1
github.com/k0ns0l/driftwatch/internal/recovery/recovery.go:72.104,75.64 2 1
github.com/k0ns0l/driftwatch/internal/recovery/recovery.go:75.64,77.10 1 1
github.com/k0ns0l/driftwatch/internal/recovery/recovery.go:78.21,79.20 1 0
github.com/k0ns0l/driftwatch/internal/recovery/recovery.go:80.11,80.11 0 1
github.com/k0ns0l/driftwatch/internal/recovery/recovery.go:83.3,89.17 3 1
github.com/k0ns0l/driftwatch/internal/recovery/recovery.go:89.17,90.19 1 1
github.com/k0ns0l/driftwatch/internal/recovery/recovery.go:90.19,92.5 1 1
github.com/k0ns0l/driftwatch/internal/recovery/recovery.go:93.4,93.14 1 1
github.com/k0ns0l/driftwatch/internal/recovery/recovery.go:96.3,99.29 2 1
github.com/k0ns0l/driftwatch/internal/recovery/recovery.go:99.29,104.4 2 1
github.com/k0ns0l/driftwatch/internal/recovery/recovery.go:107.3,107.38 1 1
github.com/k0ns0l/driftwatch/internal/recovery/recovery.go:107.38,111.11 3 1
github.com/k0ns0l/driftwatch/internal/recovery/recovery.go:112.22,113.21 1 1
github.com/k0ns0l/driftwatch/internal/recovery/recovery.go:114.29,114.29 0 1
github.com/k0ns0l/driftwatch/internal/recovery/recovery.go:120.2,121.93 2 1
github.com/k0ns0l/driftwatch/internal/recovery/recovery.go:125.139,128.64 2 1
github.com/k0ns0l/driftwatch/internal/recovery/recovery.go:128.64,130.10 1 1
github.com/k0ns0l/driftwatch/internal/recovery/recovery.go:131.21,132.25 1 0
github.com/k0ns0l/driftwatch/internal/recovery/recovery.go:133.11,133.11 0 1
github.com/k0ns0l/driftwatch/internal/recovery/recovery.go:136.3,142.17 3 1
github.com/k0ns0l/driftwatch/internal/recovery/recovery.go:142.17,143.19 1 1
github.com/k0ns0l/driftwatch/internal/recovery/recovery.go:143.19,145.5 1 1
github.com/k0ns0l/driftwatch/internal/recovery/recovery.go:146.4,146.22 1 1
github.com/k0ns0l/driftwatch/internal/recovery/recovery.go:149.3,152.29 2 1
github.com/k0ns0l/driftwatch/internal/recovery/recovery.go:152.29,157.4 2 0
github.com/k0ns0l/driftwatch/internal/recovery/recovery.go:160.3,160.38 1 1
github.com/k0ns0l/driftwatch/internal/recovery/recovery.go:160.38,164.11 3 1
github.com/k0ns0l/driftwatch/internal/recovery/recovery.go:165.22,166.26 1 0
github.com/k0ns0l/driftwatch/internal/recovery/recovery.go:167.29,167.29 0 1
github.com/k0ns0l/driftwatch/internal/recovery/recovery.go:173.2,174.98 2 1
github.com/k0ns0l/driftwatch/internal/recovery/recovery.go:178.134,181.64 2 1
github.com/k0ns0l/driftwatch/internal/recovery/recovery.go:181.64,182.10 1 1
github.com/k0ns0l/driftwatch/internal/recovery/recovery.go:183.21,184.20 1 0
github.com/k0ns0l/driftwatch/internal/recovery/recovery.go:185.11,185.11 0 1
github.com/k0ns0l/driftwatch/internal/recovery/recovery.go:188.3,189.17 2 1
github.com/k0ns0l/driftwatch/internal/recovery/recovery.go:189.17,190.19 1 1
github.com/k0ns0l/driftwatch/internal/recovery/recovery.go:190.19,192.5 1 1
github.com/k0ns0l/driftwatch/internal/recovery/recovery.go:193.4,193.14 1 1
github.com/k0ns0l/driftwatch/internal/recovery/recovery.go:196.3,199.48 2 1
github.com/k0ns0l/driftwatch/internal/recovery/recovery.go:199.48,204.4 2 1
github.com/k0ns0l/driftwatch/internal/recovery/recovery.go:206.3,206.38 1 1
github.com/k0ns0l/driftwatch/internal/recovery/recovery.go:206.38,210.11 3 1
github.com/k0ns0l/driftwatch/internal/recovery/recovery.go:211.22,212.21 1 0
github.com/k0ns0l/driftwatch/internal/recovery/recovery.go:213.29,213.29 0 1
github.com/k0ns0l/driftwatch/internal/recovery/recovery.go:218.2,219.93 2 0
github.com/k0ns0l/driftwatch/internal/recovery/recovery.go:249.57,255.2 1 1
github.com/k0ns0l/driftwatch/internal/recovery/recovery.go:258.93,259.19 1 1
github.com/k0ns0l/driftwatch/internal/recovery/recovery.go:259.19,261.3 1 1
github.com/k0ns0l/driftwatch/internal/recovery/recovery.go:263.2,267.3 1 1
github.com/k0ns0l/driftwatch/internal/recovery/recovery.go:271.105,272.22 1 1
github.com/k0ns0l/driftwatch/internal/recovery/recovery.go:272.22,276.3 1 1
github.com/k0ns0l/driftwatch/internal/recovery/recovery.go:278.2,280.12 3 1
github.com/k0ns0l/driftwatch/internal/recovery/recovery.go:284.45,287.18 2 1
github.com/k0ns0l/driftwatch/internal/recovery/recovery.go:288.26,289.14 1 1
github.com/k0ns0l/driftwatch/internal/recovery/recovery.go:290.24,291.60 1 1
github.com/k0ns0l/driftwatch/internal/recovery/recovery.go:291.60,295.4 3 1
github.com/k0ns0l/driftwatch/internal/recovery/recovery.go:296.3,296.15 1 1
github.com/k0ns0l/driftwatch/internal/recovery/recovery.go:297.28,298.14 1 0
github.com/k0ns0l/driftwatch/internal/recovery/recovery.go:299.10,300.15 1 0
github.com/k0ns0l/driftwatch/internal/recovery/recovery.go:305.73,308.16 2 1
github.com/k0ns0l/driftwatch/internal/recovery/recovery.go:308.16,310.3 1 1
github.com/k0ns0l/driftwatch/internal/recovery/recovery.go:310.8,312.3 1 1
github.com/k0ns0l/driftwatch/internal/recovery/recovery.go:316.80,319.18 2 1
github.com/k0ns0l/driftwatch/internal/recovery/recovery.go:320.28,324.31 3 1
github.com/k0ns0l/driftwatch/internal/recovery/recovery.go:325.26,326.18 1 1
github.com/k0ns0l/driftwatch/internal/recovery/recovery.go:331.91,335.18 3 1
github.com/k0ns0l/driftwatch/internal/recovery/recovery.go:336.26,337.48 1 1
github.com/k0ns0l/driftwatch/internal/recovery/recovery.go:337.48,344.4 2 1
github.com/k0ns0l/driftwatch/internal/recovery/recovery.go:345.28,349.17 2 1
github.com/k0ns0l/driftwatch/internal/recovery/recovery.go:354.51,356.2 1 1
github.com/k0ns0l/driftwatch/internal/recovery/recovery.go:359.63,366.2 1 1
github.com/k0ns0l/driftwatch/internal/recovery/recovery.go:371.70,374.28 2 1
github.com/k0ns0l/driftwatch/internal/recovery/recovery.go:375.26,376.33 1 1
github.com/k0ns0l/driftwatch/internal/recovery/recovery.go:377.27,378.60 1 1
github.com/k0ns0l/driftwatch/internal/recovery/recovery.go:379.32,380.80 1 1
github.com/k0ns0l/driftwatch/internal/recovery/recovery.go:381.10,382.33 1 0
github.com/k0ns0l/driftwatch/internal/recovery/recovery.go:386.2,386.58 1 1
github.com/k0ns0l/driftwatch/internal/recovery/recovery.go:386.58,388.3 1 1
github.com/k0ns0l/driftwatch/internal/recovery/recovery.go:391.2,391.22 1 1
github.com/k0ns0l/driftwatch/internal/recovery/recovery.go:391.22,394.20 2 1
github.com/k0ns0l/driftwatch/internal/recovery/recovery.go:394.20,396.18 2 1
github.com/k0ns0l/driftwatch/internal/recovery/recovery.go:396.18,399.5 2 1
github.com/k0ns0l/driftwatch/internal/recovery/recovery.go:404.2,404.14 1 1
github.com/k0ns0l/driftwatch/internal/recovery/recovery.go:408.58,410.31 1 1
github.com/k0ns0l/driftwatch/internal/recovery/recovery.go:410.31,412.3 1 1
github.com/k0ns0l/driftwatch/internal/recovery/recovery.go:415.2,416.19 2 1
github.com/k0ns0l/driftwatch/internal/recovery/recovery.go:417.31,418.14 1 1
github.com/k0ns0l/driftwatch/internal/recovery/recovery.go:419.31,421.51 1 1
github.com/k0ns0l/driftwatch/internal/recovery/recovery.go:421.51,423.4 1 1
github.com/k0ns0l/driftwatch/internal/recovery/recovery.go:424.3,424.15 1 0
github.com/k0ns0l/driftwatch/internal/recovery/recovery.go:425.29,426.14 1 1
github.com/k0ns0l/driftwatch/internal/recovery/recovery.go:427.28,429.51 1 1
github.com/k0ns0l/driftwatch/internal/recovery/recovery.go:429.51,431.4 1 1
github.com/k0ns0l/driftwatch/internal/recovery/recovery.go:432.3,432.15 1 0
github.com/k0ns0l/driftwatch/internal/recovery/recovery.go:433.10,434.15 1 1
github.com/k0ns0l/driftwatch/internal/recovery/recovery.go:439.37,441.2 1 1
github.com/k0ns0l/driftwatch/internal/recovery/recovery.go:444.39,445.50 1 1
github.com/k0ns0l/driftwatch/internal/recovery/recovery.go:445.50,447.3 1 1
github.com/k0ns0l/driftwatch/internal/recovery/recovery.go:448.2,448.14 1 1
github.com/k0ns0l/driftwatch/internal/recovery/recovery.go:452.112,455.2 2 1
github.com/k0ns0l/driftwatch/internal/recovery/recovery.go:458.124,461.2 2 1
github.com/k0ns0l/driftwatch/internal/security/fileops.go:13.65,19.16 3 1
github.com/k0ns0l/driftwatch/internal/security/fileops.go:19.16,21.3 1 0
github.com/k0ns0l/driftwatch/internal/security/fileops.go:24.2,24.39 1 1
github.com/k0ns0l/driftwatch/internal/security/fileops.go:24.39,26.3 1 1
github.com/k0ns0l/driftwatch/internal/security/fileops.go:29.2,29.26 1 1
github.com/k0ns0l/driftwatch/internal/security/fileops.go:29.26,31.42 2 1
github.com/k0ns0l/driftwatch/internal/security/fileops.go:31.42,33.18 2 1
github.com/k0ns0l/driftwatch/internal/security/fileops.go:33.18,34.13 1 0
github.com/k0ns0l/driftwatch/internal/security/fileops.go:38.4,39.55 2 1
github.com/k0ns0l/driftwatch/internal/security/fileops.go:39.55,41.10 2 1
github.com/k0ns0l/driftwatch/internal/security/fileops.go:45.3,45.15 1 1
github.com/k0ns0l/driftwatch/internal/security/fileops.go:45.15,47.4 1 1
github.com/k0ns0l/driftwatch/internal/security/fileops.go:50.2,50.12 1 1
github.com/k0ns0l/driftwatch/internal/security/fileops.go:54.75,55.63 1 1
github.com/k0ns0l/driftwatch/internal/security/fileops.go:55.63,57.3 1 1
github.com/k0ns0l/driftwatch/internal/security/fileops.go:60.2,61.48 2 1
github.com/k0ns0l/driftwatch/internal/security/fileops.go:61.48,63.3 1 0
github.com/k0ns0l/driftwatch/internal/security/fileops.go:66.2,66.69 1 1
github.com/k0ns0l/driftwatch/internal/security/fileops.go:70.71,71.63 1 1
github.com/k0ns0l/driftwatch/internal/security/fileops.go:71.63,73.3 1 1
github.com/k0ns0l/driftwatch/internal/security/fileops.go:76.2,76.26 1 1
github.com/k0ns0l/driftwatch/internal/security/fileops.go:80.75,81.63 1 1
github.com/k0ns0l/driftwatch/internal/security/fileops.go:81.63,83.3 1 1
github.com/k0ns0l/driftwatch/internal/security/fileops.go:86.2,87.48 2 1
github.com/k0ns0l/driftwatch/internal/security/fileops.go:87.48,89.3 1 0
github.com/k0ns0l/driftwatch/internal/security/fileops.go:91.2,91.40 1 1
github.com/k0ns0l/driftwatch/internal/retention/service.go:26.107,37.2 2 1
github.com/k0ns0l/driftwatch/internal/retention/service.go:40.33,41.27 1 1
github.com/k0ns0l/driftwatch/internal/retention/service.go:41.27,44.3 2 1
github.com/k0ns0l/driftwatch/internal/retention/service.go:47.2,50.44 2 1
github.com/k0ns0l/driftwatch/internal/retention/service.go:50.44,51.44 1 0
github.com/k0ns0l/driftwatch/internal/retention/service.go:51.44,53.4 1 0
github.com/k0ns0l/driftwatch/internal/retention/service.go:55.2,55.16 1 1
github.com/k0ns0l/driftwatch/internal/retention/service.go:55.16,57.3 1 0
github.com/k0ns0l/driftwatch/internal/retention/service.go:59.2,64.12 3 1
github.com/k0ns0l/driftwatch/internal/retention/service.go:68.26,70.19 2 1
github.com/k0ns0l/driftwatch/internal/retention/service.go:70.19,72.3 1 1
github.com/k0ns0l/driftwatch/internal/retention/service.go:73.2,73.44 1 1
github.com/k0ns0l/driftwatch/internal/retention/service.go:77.42,79.2 1 1
github.com/k0ns0l/driftwatch/internal/retention/service.go:82.62,84.2 1 1
github.com/k0ns0l/driftwatch/internal/retention/service.go:87.42,99.37 7 1
github.com/k0ns0l/driftwatch/internal/retention/service.go:99.37,101.17 2 1
github.com/k0ns0l/driftwatch/internal/retention/service.go:101.17,103.4 1 0
github.com/k0ns0l/driftwatch/internal/retention/service.go:104.3,105.18 2 1
github.com/k0ns0l/driftwatch/internal/retention/service.go:105.18,107.4 1 1
github.com/k0ns0l/driftwatch/internal/retention/service.go:111.2,111.29 1 1
github.com/k0ns0l/driftwatch/internal/retention/service.go:111.29,113.17 2 1
github.com/k0ns0l/driftwatch/internal/retention/service.go:113.17,115.4 1 0
github.com/k0ns0l/driftwatch/internal/retention/service.go:116.3,117.18 2 1
github.com/k0ns0l/driftwatch/internal/retention/service.go:117.18,119.4 1 1
github.com/k0ns0l/driftwatch/internal/retention/service.go:123.2,123.29 1 1
github.com/k0ns0l/driftwatch/internal/retention/service.go:123.29,125.17 2 1
github.com/k0ns0l/driftwatch/internal/retention/service.go:125.17,127.4 1 0
github.com/k0ns0l/driftwatch/internal/retention/service.go:128.3,129.18 2 1
github.com/k0ns0l/driftwatch/internal/retention/service.go:129.18,131.4 1 1
github.com/k0ns0l/driftwatch/internal/retention/service.go:135.2,135.22 1 1
github.com/k0ns0l/driftwatch/internal/retention/service.go:135.22,136.52 1 1
github.com/k0ns0l/driftwatch/internal/retention/service.go:136.52,139.4 1 0
github.com/k0ns0l/driftwatch/internal/retention/service.go:139.9,141.4 1 1
github.com/k0ns0l/driftwatch/internal/retention/service.go:144.2,145.12 2 1
github.com/k0ns0l/driftwatch/internal/retention/service.go:149.65,151.9 1 1
github.com/k0ns0l/driftwatch/internal/retention/service.go:152.29,154.21 1 1
github.com/k0ns0l/driftwatch/internal/retention/service.go:155.31,157.23 1 1
github.com/k0ns0l/driftwatch/internal/retention/service.go:158.32,160.24 1 1
github.com/k0ns0l/driftwatch/internal/retention/service.go:161.32,163.21 1 1
github.com/k0ns0l/driftwatch/internal/retention/service.go:164.34,166.21 1 1
github.com/k0ns0l/driftwatch/internal/retention/service.go:167.10,169.21 1 1
github.com/k0ns0l/driftwatch/internal/retention/service.go:183.83,186.17 2 1
github.com/k0ns0l/driftwatch/internal/retention/service.go:186.17,188.3 1 1
github.com/k0ns0l/driftwatch/internal/retention/service.go:191.2,191.41 1 1
github.com/k0ns0l/driftwatch/internal/retention/service.go:191.41,192.18 1 1
github.com/k0ns0l/driftwatch/internal/retention/service.go:192.18,194.4 1 1
github.com/k0ns0l/driftwatch/internal/retention/service.go:194.9,196.18 2 1
github.com/k0ns0l/driftwatch/internal/retention/service.go:196.18,198.5 1 0
github.com/k0ns0l/driftwatch/internal/retention/service.go:199.4,199.42 1 1
github.com/k0ns0l/driftwatch/internal/retention/service.go:204.2,204.33 1 1
github.com/k0ns0l/driftwatch/internal/retention/service.go:204.33,205.18 1 0
github.com/k0ns0l/driftwatch/internal/retention/service.go:205.18,207.4 1 0
github.com/k0ns0l/driftwatch/internal/retention/service.go:207.9,209.18 2 0
github.com/k0ns0l/driftwatch/internal/retention/service.go:209.18,211.5 1 0
github.com/k0ns0l/driftwatch/internal/retention/service.go:212.4,212.34 1 0
github.com/k0ns0l/driftwatch/internal/retention/service.go:217.2,217.33 1 1
github.com/k0ns0l/driftwatch/internal/retention/service.go:217.33,218.18 1 0
github.com/k0ns0l/driftwatch/internal/retention/service.go:218.18,220.4 1 0
github.com/k0ns0l/driftwatch/internal/retention/service.go:220.9,222.18 2 0
github.com/k0ns0l/driftwatch/internal/retention/service.go:222.18,224.5 1 0
github.com/k0ns0l/driftwatch/internal/retention/service.go:225.4,225.34 1 0
github.com/k0ns0l/driftwatch/internal/retention/service.go:230.2,230.67 1 1
github.com/k0ns0l/driftwatch/internal/retention/service.go:230.67,231.52 1 1
github.com/k0ns0l/driftwatch/internal/retention/service.go:231.52,233.4 1 0
github.com/k0ns0l/driftwatch/internal/retention/service.go:234.3,234.33 1 1
github.com/k0ns0l/driftwatch/internal/retention/service.go:237.2,237.20 1 1
github.com/k0ns0l/driftwatch/internal/retention/service.go:252.46,254.2 1 1
github.com/k0ns0l/driftwatch/cmd/alert.go:58.13,73.2 10 1
github.com/k0ns0l/driftwatch/cmd/alert.go:75.60,79.27 2 0
github.com/k0ns0l/driftwatch/cmd/alert.go:79.27,81.3 1 0
github.com/k0ns0l/driftwatch/cmd/alert.go:84.2,85.16 2 0
github.com/k0ns0l/driftwatch/cmd/alert.go:85.16,87.3 1 0
github.com/k0ns0l/driftwatch/cmd/alert.go:88.2,92.16 3 0
github.com/k0ns0l/driftwatch/cmd/alert.go:92.16,94.3 1 0
github.com/k0ns0l/driftwatch/cmd/alert.go:97.2,99.28 2 0
github.com/k0ns0l/driftwatch/cmd/alert.go:99.28,103.3 1 0
github.com/k0ns0l/driftwatch/cmd/alert.go:105.2,105.60 1 0
github.com/k0ns0l/driftwatch/cmd/alert.go:105.60,108.3 2 0
github.com/k0ns0l/driftwatch/cmd/alert.go:110.2,111.12 2 0
github.com/k0ns0l/driftwatch/cmd/alert.go:114.63,116.16 2 0
github.com/k0ns0l/driftwatch/cmd/alert.go:116.16,118.3 1 0
github.com/k0ns0l/driftwatch/cmd/alert.go:120.2,121.16 2 0
github.com/k0ns0l/driftwatch/cmd/alert.go:121.16,123.3 1 0
github.com/k0ns0l/driftwatch/cmd/alert.go:125.2,126.16 2 0
github.com/k0ns0l/driftwatch/cmd/alert.go:126.16,128.3 1 0
github.com/k0ns0l/driftwatch/cmd/alert.go:130.2,130.41 1 0
github.com/k0ns0l/driftwatch/cmd/alert.go:134.62,136.16 2 0
github.com/k0ns0l/driftwatch/cmd/alert.go:136.16,138.3 1 0
github.com/k0ns0l/driftwatch/cmd/alert.go:140.2,141.16 2 0
github.com/k0ns0l/driftwatch/cmd/alert.go:141.16,142.51 1 0
github.com/k0ns0l/driftwatch/cmd/alert.go:142.51,144.4 1 0
github.com/k0ns0l/driftwatch/cmd/alert.go:145.3,145.68 1 0
github.com/k0ns0l/driftwatch/cmd/alert.go:148.2,148.26 1 0
github.com/k0ns0l/driftwatch/cmd/alert.go:152.57,155.22 2 0
github.com/k0ns0l/driftwatch/cmd/alert.go:155.22,157.3 1 0
github.com/k0ns0l/driftwatch/cmd/alert.go:159.2,159.28 1 0
github.com/k0ns0l/driftwatch/cmd/alert.go:159.28,161.3 1 0
github.com/k0ns0l/driftwatch/cmd/alert.go:163.2,163.23 1 0
github.com/k0ns0l/driftwatch/cmd/alert.go:163.23,165.3 1 0
github.com/k0ns0l/driftwatch/cmd/alert.go:167.2,167.51 1 0
github.com/k0ns0l/driftwatch/cmd/alert.go:167.51,169.3 1 0
github.com/k0ns0l/driftwatch/cmd/alert.go:171.2,171.21 1 0
github.com/k0ns0l/driftwatch/cmd/alert.go:175.61,176.26 1 0
github.com/k0ns0l/driftwatch/cmd/alert.go:176.26,178.17 2 0
github.com/k0ns0l/driftwatch/cmd/alert.go:178.17,180.4 1 0
github.com/k0ns0l/driftwatch/cmd/alert.go:181.3,181.32 1 0
github.com/k0ns0l/driftwatch/cmd/alert.go:184.2,184.24 1 0
github.com/k0ns0l/driftwatch/cmd/alert.go:184.24,186.17 2 0
github.com/k0ns0l/driftwatch/cmd/alert.go:186.17,188.4 1 0
github.com/k0ns0l/driftwatch/cmd/alert.go:189.3,189.28 1 0
github.com/k0ns0l/driftwatch/cmd/alert.go:192.2,192.12 1 0
github.com/k0ns0l/driftwatch/cmd/alert.go:196.118,198.16 2 0
github.com/k0ns0l/driftwatch/cmd/alert.go:198.16,200.3 1 0
github.com/k0ns0l/driftwatch/cmd/alert.go:202.2,202.48 1 0
github.com/k0ns0l/driftwatch/cmd/alert.go:202.48,204.3 1 0
github.com/k0ns0l/driftwatch/cmd/alert.go:206.2,206.20 1 0
github.com/k0ns0l/driftwatch/cmd/alert.go:210.78,211.22 1 0
github.com/k0ns0l/driftwatch/cmd/alert.go:211.22,214.3 2 0
github.com/k0ns0l/driftwatch/cmd/alert.go:216.2,217.16 2 0
github.com/k0ns0l/driftwatch/cmd/alert.go:217.16,219.3 1 0
github.com/k0ns0l/driftwatch/cmd/alert.go:221.2,221.22 1 0
github.com/k0ns0l/driftwatch/cmd/alert.go:222.14,223.28 1 0
github.com/k0ns0l/driftwatch/cmd/alert.go:224.14,225.28 1 0
github.com/k0ns0l/driftwatch/cmd/alert.go:226.10,228.13 2 0
github.com/k0ns0l/driftwatch/cmd/alert.go:232.57,239.31 3 0
github.com/k0ns0l/driftwatch/cmd/alert.go:239.31,242.25 3 0
github.com/k0ns0l/driftwatch/cmd/alert.go:242.25,244.4 1 0
github.com/k0ns0l/driftwatch/cmd/alert.go:246.3,254.13 1 0
github.com/k0ns0l/driftwatch/cmd/alert.go:257.2,257.49 1 0
github.com/k0ns0l/driftwatch/cmd/backup.go:29.54,31.17 2 0
github.com/k0ns0l/driftwatch/cmd/backup.go:31.17,33.4 1 0
github.com/k0ns0l/driftwatch/cmd/backup.go:35.3,39.17 3 0
github.com/k0ns0l/driftwatch/cmd/backup.go:39.17,41.4 1 0
github.com/k0ns0l/driftwatch/cmd/backup.go:42.3,46.20 3 0
github.com/k0ns0l/driftwatch/cmd/backup.go:46.20,48.4 1 0
github.com/k0ns0l/driftwatch/cmd/backup.go:48.9,52.4 2 0
github.com/k0ns0l/driftwatch/cmd/backup.go:55.3,55.37 1 0
github.com/k0ns0l/driftwatch/cmd/backup.go:55.37,57.4 1 0
github.com/k0ns0l/driftwatch/cmd/backup.go:59.3,63.17 3 0
github.com/k0ns0l/driftwatch/cmd/backup.go:63.17,65.4 1 0
github.com/k0ns0l/driftwatch/cmd/backup.go:65.9,70.4 3 0
github.com/k0ns0l/driftwatch/cmd/backup.go:73.3,76.55 3 0
github.com/k0ns0l/driftwatch/cmd/backup.go:76.55,78.4 1 0
github.com/k0ns0l/driftwatch/cmd/backup.go:79.3,85.50 4 0
github.com/k0ns0l/driftwatch/cmd/backup.go:85.50,87.4 1 0
github.com/k0ns0l/driftwatch/cmd/backup.go:89.3,93.13 2 0
github.com/k0ns0l/driftwatch/cmd/backup.go:97.13,103.2 1 1
github.com/k0ns0l/driftwatch/cmd/baseline.go:34.54,36.3 1 0
github.com/k0ns0l/driftwatch/cmd/baseline.go:39.13,50.2 8 1
github.com/k0ns0l/driftwatch/cmd/baseline.go:63.85,67.72 3 1
github.com/k0ns0l/driftwatch/cmd/baseline.go:67.72,69.3 1 0
[...]
github.com/k0ns0l/driftwatch/internal/alerting/alerting.go:137.3,137.44 1 1
github.com/k0ns0l/driftwatch/internal/alerting/alerting.go:140.2,140.12 1 1
github.com/k0ns0l/driftwatch/internal/alerting/alerting.go:144.131,145.29 1 1
github.com/k0ns0l/driftwatch/internal/alerting/alerting.go:145.29,147.3 1 0
github.com/k0ns0l/driftwatch/internal/alerting/alerting.go:150.2,153.31 2 1
github.com/k0ns0l/driftwatch/internal/alerting/alerting.go:153.31,155.53 1 1
github.com/k0ns0l/driftwatch/internal/alerting/alerting.go:155.53,157.4 1 0
github.com/k0ns0l/driftwatch/internal/alerting/alerting.go:160.3,160.33 1 1
github.com/k0ns0l/driftwatch/internal/alerting/alerting.go:160.33,161.61 1 1
github.com/k0ns0l/driftwatch/internal/alerting/alerting.go:161.61,163.5 1 1
github.com/k0ns0l/driftwatch/internal/alerting/alerting.go:167.2,167.12 1 1
github.com/k0ns0l/driftwatch/internal/alerting/alerting.go:171.119,174.31 2 1
github.com/k0ns0l/driftwatch/internal/alerting/alerting.go:174.31,176.3 1 1
github.com/k0ns0l/driftwatch/internal/alerting/alerting.go:179.2,182.39 2 1
github.com/k0ns0l/driftwatch/internal/alerting/alerting.go:182.39,183.45 1 1
github.com/k0ns0l/driftwatch/internal/alerting/alerting.go:183.45,185.39 2 1
github.com/k0ns0l/driftwatch/internal/alerting/alerting.go:185.39,186.13 1 0
github.com/k0ns0l/driftwatch/internal/alerting/alerting.go:189.4,199.53 2 1
github.com/k0ns0l/driftwatch/internal/alerting/alerting.go:199.53,204.63 3 1
github.com/k0ns0l/driftwatch/internal/alerting/alerting.go:204.63,206.6 1 0
github.com/k0ns0l/driftwatch/internal/alerting/alerting.go:208.5,209.42 1 1
github.com/k0ns0l/driftwatch/internal/alerting/alerting.go:212.4,215.54 2 1
github.com/k0ns0l/driftwatch/internal/alerting/alerting.go:215.54,217.5 1 0
github.com/k0ns0l/driftwatch/internal/alerting/alerting.go:221.2,221.12 1 1
github.com/k0ns0l/driftwatch/internal/alerting/alerting.go:225.77,226.33 1 1
github.com/k0ns0l/driftwatch/internal/alerting/alerting.go:226.33,228.3 1 1
github.com/k0ns0l/driftwatch/internal/alerting/alerting.go:230.2,230.27 1 1
github.com/k0ns0l/driftwatch/internal/alerting/alerting.go:230.27,232.3 1 1
github.com/k0ns0l/driftwatch/internal/alerting/alerting.go:234.2,235.41 2 1
github.com/k0ns0l/driftwatch/internal/alerting/alerting.go:235.41,236.27 1 1
github.com/k0ns0l/driftwatch/internal/alerting/alerting.go:236.27,237.12 1 0
github.com/k0ns0l/driftwatch/internal/alerting/alerting.go:240.3,240.43 1 1
github.com/k0ns0l/driftwatch/internal/alerting/alerting.go:240.43,242.4 1 0
github.com/k0ns0l/driftwatch/internal/alerting/alerting.go:245.2,245.21 1 1
github.com/k0ns0l/driftwatch/internal/alerting/alerting.go:245.21,247.3 1 0
github.com/k0ns0l/driftwatch/internal/alerting/alerting.go:249.2,249.12 1 1
github.com/k0ns0l/driftwatch/internal/alerting/alerting.go:253.88,264.16 3 1
github.com/k0ns0l/driftwatch/internal/alerting/alerting.go:264.16,266.3 1 0
github.com/k0ns0l/driftwatch/internal/alerting/alerting.go:269.2,270.35 2 1
github.com/k0ns0l/driftwatch/internal/alerting/alerting.go:270.35,281.3 1 1
github.com/k0ns0l/driftwatch/internal/alerting/alerting.go:283.2,283.20 1 1
github.com/k0ns0l/driftwatch/internal/alerting/alerting.go:288.127,291.48 2 1
github.com/k0ns0l/driftwatch/internal/alerting/alerting.go:291.48,294.42 2 1
github.com/k0ns0l/driftwatch/internal/alerting/alerting.go:294.42,295.34 1 1
github.com/k0ns0l/driftwatch/internal/alerting/alerting.go:295.34,297.10 2 1
github.com/k0ns0l/driftwatch/internal/alerting/alerting.go:300.3,300.21 1 1
github.com/k0ns0l/driftwatch/internal/alerting/alerting.go:300.21,301.12 1 1
github.com/k0ns0l/driftwatch/internal/alerting/alerting.go:305.3,305.30 1 1
github.com/k0ns0l/driftwatch/internal/alerting/alerting.go:305.30,307.46 2 1
github.com/k0ns0l/driftwatch/internal/alerting/alerting.go:307.46,308.34 1 1
github.com/k0ns0l/driftwatch/internal/alerting/alerting.go:308.34,310.11 2 1
github.com/k0ns0l/driftwatch/internal/alerting/alerting.go:313.4,313.22 1 1
github.com/k0ns0l/driftwatch/internal/alerting/alerting.go:313.22,314.13 1 1
github.com/k0ns0l/driftwatch/internal/alerting/alerting.go:318.3,318.50 1 1
github.com/k0ns0l/driftwatch/internal/alerting/alerting.go:321.2,321.24 1 1
github.com/k0ns0l/driftwatch/internal/alerting/alerting.go:324.115,326.20 2 1
github.com/k0ns0l/driftwatch/internal/alerting/alerting.go:326.20,328.3 1 0
github.com/k0ns0l/driftwatch/internal/alerting/alerting.go:330.2,352.3 1 1
github.com/k0ns0l/driftwatch/internal/alerting/alerting.go:355.71,357.2 1 1
github.com/k0ns0l/driftwatch/internal/alerting/alerting.go:359.127,364.55 3 1
github.com/k0ns0l/driftwatch/internal/alerting/alerting.go:364.55,375.29 2 1
github.com/k0ns0l/driftwatch/internal/alerting/alerting.go:375.29,377.4 1 1
github.com/k0ns0l/driftwatch/internal/alerting/alerting.go:378.3,378.29 1 1
github.com/k0ns0l/driftwatch/internal/alerting/alerting.go:378.29,380.4 1 0
github.com/k0ns0l/driftwatch/internal/alerting/alerting.go:382.3,382.33 1 1
github.com/k0ns0l/driftwatch/internal/alerting/alerting.go:386.2,386.49 1 1
github.com/k0ns0l/driftwatch/internal/alerting/alerting.go:386.49,400.3 2 1
github.com/k0ns0l/driftwatch/internal/alerting/alerting.go:403.2,403.43 1 1
github.com/k0ns0l/driftwatch/internal/alerting/alerting.go:403.43,415.3 2 1
github.com/k0ns0l/driftwatch/internal/alerting/alerting.go:417.2,417.15 1 1
github.com/k0ns0l/driftwatch/internal/alerting/discord.go:56.87,60.29 3 1
github.com/k0ns0l/driftwatch/internal/alerting/discord.go:60.29,62.3 1 1
github.com/k0ns0l/driftwatch/internal/alerting/discord.go:64.2,74.55 2 1
github.com/k0ns0l/driftwatch/internal/alerting/discord.go:74.55,76.3 1 1
github.com/k0ns0l/driftwatch/internal/alerting/discord.go:76.8,78.3 1 1
github.com/k0ns0l/driftwatch/internal/alerting/discord.go:80.2,80.58 1 1
github.com/k0ns0l/driftwatch/internal/alerting/discord.go:80.58,82.3 1 1
github.com/k0ns0l/driftwatch/internal/alerting/discord.go:84.2,84.21 1 1
github.com/k0ns0l/driftwatch/internal/alerting/discord.go:88.82,92.16 3 1
github.com/k0ns0l/driftwatch/internal/alerting/discord.go:92.16,94.3 1 0
github.com/k0ns0l/driftwatch/internal/alerting/discord.go:96.2,97.16 2 1
github.com/k0ns0l/driftwatch/internal/alerting/discord.go:97.16,99.3 1 0
github.com/k0ns0l/driftwatch/internal/alerting/discord.go:101.2,104.16 3 1
github.com/k0ns0l/driftwatch/internal/alerting/discord.go:104.16,106.3 1 1
github.com/k0ns0l/driftwatch/internal/alerting/discord.go:107.2,109.53 2 1
github.com/k0ns0l/driftwatch/internal/alerting/discord.go:109.53,111.3 1 1
github.com/k0ns0l/driftwatch/internal/alerting/discord.go:113.2,113.12 1 1
github.com/k0ns0l/driftwatch/internal/alerting/discord.go:117.59,140.2 2 1
github.com/k0ns0l/driftwatch/internal/alerting/discord.go:143.44,145.2 1 1
github.com/k0ns0l/driftwatch/internal/alerting/discord.go:148.44,150.2 1 1
github.com/k0ns0l/driftwatch/internal/alerting/discord.go:153.44,155.2 1 1
github.com/k0ns0l/driftwatch/internal/alerting/discord.go:158.80,190.30 3 1
github.com/k0ns0l/driftwatch/internal/alerting/discord.go:190.30,192.42 2 1
github.com/k0ns0l/driftwatch/internal/alerting/discord.go:192.42,193.14 1 1
github.com/k0ns0l/driftwatch/internal/alerting/discord.go:193.14,195.10 2 1
github.com/k0ns0l/driftwatch/internal/alerting/discord.go:198.4,199.23 2 1
github.com/k0ns0l/driftwatch/internal/alerting/discord.go:199.23,201.5 1 1
github.com/k0ns0l/driftwatch/internal/alerting/discord.go:203.4,204.32 2 1
github.com/k0ns0l/driftwatch/internal/alerting/discord.go:204.32,206.5 1 1
github.com/k0ns0l/driftwatch/internal/alerting/discord.go:207.4,207.43 1 1
github.com/k0ns0l/driftwatch/internal/alerting/discord.go:207.43,209.5 1 1
github.com/k0ns0l/driftwatch/internal/alerting/discord.go:212.3,216.5 1 1
github.com/k0ns0l/driftwatch/internal/alerting/discord.go:219.2,225.23 2 1
github.com/k0ns0l/driftwatch/internal/alerting/discord.go:229.65,230.18 1 1
github.com/k0ns0l/driftwatch/internal/alerting/discord.go:231.18,232.18 1 1
github.com/k0ns0l/driftwatch/internal/alerting/discord.go:233.14,234.18 1 1
github.com/k0ns0l/driftwatch/internal/alerting/discord.go:235.16,236.18 1 1
github.com/k0ns0l/driftwatch/internal/alerting/discord.go:237.13,238.18 1 1
github.com/k0ns0l/driftwatch/internal/alerting/discord.go:239.10,240.18 1 1
github.com/k0ns0l/driftwatch/internal/alerting/discord.go:245.66,246.18 1 1
github.com/k0ns0l/driftwatch/internal/alerting/discord.go:247.18,248.25 1 1
github.com/k0ns0l/driftwatch/internal/alerting/discord.go:249.14,250.23 1 1
github.com/k0ns0l/driftwatch/internal/alerting/discord.go:251.16,252.25 1 1
github.com/k0ns0l/driftwatch/internal/alerting/discord.go:253.13,254.19 1 1
github.com/k0ns0l/driftwatch/internal/alerting/discord.go:255.10,256.41 1 1
github.com/k0ns0l/driftwatch/internal/alerting/email.go:28.85,32.16 3 1
github.com/k0ns0l/driftwatch/internal/alerting/email.go:32.16,34.3 1 1
github.com/k0ns0l/driftwatch/internal/alerting/email.go:36.2,37.16 2 1
github.com/k0ns0l/driftwatch/internal/alerting/email.go:37.16,39.3 1 1
github.com/k0ns0l/driftwatch/internal/alerting/email.go:41.2,42.16 2 1
github.com/k0ns0l/driftwatch/internal/alerting/email.go:42.16,44.3 1 1
github.com/k0ns0l/driftwatch/internal/alerting/email.go:46.2,47.16 2 1
github.com/k0ns0l/driftwatch/internal/alerting/email.go:47.16,49.3 1 1
github.com/k0ns0l/driftwatch/internal/alerting/email.go:51.2,63.21 3 1
github.com/k0ns0l/driftwatch/internal/alerting/email.go:67.68,69.23 2 1
github.com/k0ns0l/driftwatch/internal/alerting/email.go:69.23,71.3 1 1
github.com/k0ns0l/driftwatch/internal/alerting/email.go:72.2,72.18 1 1
github.com/k0ns0l/driftwatch/internal/alerting/email.go:76.65,78.9 2 1
github.com/k0ns0l/driftwatch/internal/alerting/email.go:78.9,80.3 1 1
github.com/k0ns0l/driftwatch/internal/alerting/email.go:82.2,82.35 1 1
github.com/k0ns0l/driftwatch/internal/alerting/email.go:83.11,84.16 1 1
github.com/k0ns0l/driftwatch/internal/alerting/email.go:85.15,86.21 1 1
github.com/k0ns0l/driftwatch/internal/alerting/email.go:87.14,89.17 2 1
github.com/k0ns0l/driftwatch/internal/alerting/email.go:89.17,91.4 1 1
github.com/k0ns0l/driftwatch/internal/alerting/email.go:92.3,92.19 1 1
github.com/k0ns0l/driftwatch/internal/alerting/email.go:93.10,94.53 1 0
github.com/k0ns0l/driftwatch/internal/alerting/email.go:99.68,101.23 2 1
github.com/k0ns0l/driftwatch/internal/alerting/email.go:101.23,103.3 1 1
github.com/k0ns0l/driftwatch/internal/alerting/email.go:104.2,104.18 1 1
github.com/k0ns0l/driftwatch/internal/alerting/email.go:108.68,110.9 2 1
github.com/k0ns0l/driftwatch/internal/alerting/email.go:110.9,112.3 1 1
github.com/k0ns0l/driftwatch/internal/alerting/email.go:114.2,115.33 2 1
github.com/k0ns0l/driftwatch/internal/alerting/email.go:116.14,117.19 1 1
github.com/k0ns0l/driftwatch/internal/alerting/email.go:118.21,119.26 1 0
github.com/k0ns0l/driftwatch/internal/alerting/email.go:119.26,120.40 1 0
github.com/k0ns0l/driftwatch/internal/alerting/email.go:120.40,122.5 1 0
github.com/k0ns0l/driftwatch/internal/alerting/email.go:124.16,125.9 1 1
github.com/k0ns0l/driftwatch/internal/alerting/email.go:126.10,127.78 1 0
github.com/k0ns0l/driftwatch/internal/alerting/email.go:130.2,130.18 1 1
github.com/k0ns0l/driftwatch/internal/alerting/email.go:130.18,132.3 1 0
github.com/k0ns0l/driftwatch/internal/alerting/email.go:134.2,134.16 1 1
github.com/k0ns0l/driftwatch/internal/alerting/email.go:138.82,139.55 1 1
github.com/k0ns0l/driftwatch/internal/alerting/email.go:139.55,141.3 1 1
github.com/k0ns0l/driftwatch/internal/alerting/email.go:142.2,142.55 1 1
github.com/k0ns0l/driftwatch/internal/alerting/email.go:142.55,144.3 1 1
github.com/k0ns0l/driftwatch/internal/alerting/email.go:145.2,145.50 1 1
github.com/k0ns0l/driftwatch/internal/alerting/email.go:145.50,147.3 1 0
github.com/k0ns0l/driftwatch/internal/alerting/email.go:151.80,156.2 3 1
github.com/k0ns0l/driftwatch/internal/alerting/email.go:159.57,182.2 2 1
github.com/k0ns0l/driftwatch/internal/alerting/email.go:185.42,187.2 1 1
github.com/k0ns0l/driftwatch/internal/alerting/email.go:190.42,192.2 1 1
github.com/k0ns0l/driftwatch/internal/alerting/email.go:195.42,197.2 1 1
github.com/k0ns0l/driftwatch/internal/alerting/email.go:200.84,206.44 3 1
github.com/k0ns0l/driftwatch/internal/alerting/email.go:206.44,208.3 1 0
github.com/k0ns0l/driftwatch/internal/alerting/email.go:211.2,216.12 3 1
github.com/k0ns0l/driftwatch/internal/alerting/email.go:216.12,219.3 2 1
github.com/k0ns0l/driftwatch/internal/alerting/email.go:222.2,222.9 1 1
github.com/k0ns0l/driftwatch/internal/alerting/email.go:223.24,224.13 1 1
github.com/k0ns0l/driftwatch/internal/alerting/email.go:225.20,226.19 1 1
github.com/k0ns0l/driftwatch/internal/alerting/email.go:227.38,228.42 1 0
github.com/k0ns0l/driftwatch/internal/alerting/email.go:233.72,248.2 9 1
github.com/k0ns0l/driftwatch/internal/alerting/email.go:251.69,310.30 8 1
github.com/k0ns0l/driftwatch/internal/alerting/email.go:310.30,315.42 2 1
github.com/k0ns0l/driftwatch/internal/alerting/email.go:315.42,317.23 2 1
github.com/k0ns0l/driftwatch/internal/alerting/email.go:317.23,319.5 1 1
github.com/k0ns0l/driftwatch/internal/alerting/email.go:321.4,326.23 2 1
github.com/k0ns0l/driftwatch/internal/alerting/email.go:326.23,328.5 1 1
github.com/k0ns0l/driftwatch/internal/alerting/email.go:330.4,333.32 2 1
github.com/k0ns0l/driftwatch/internal/alerting/email.go:333.32,336.5 1 1
github.com/k0ns0l/driftwatch/internal/alerting/email.go:338.4,338.56 1 1
github.com/k0ns0l/driftwatch/internal/alerting/email.go:338.56,340.31 2 1
github.com/k0ns0l/driftwatch/internal/alerting/email.go:340.31,343.6 1 1
github.com/k0ns0l/driftwatch/internal/alerting/email.go:344.5,344.31 1 1
github.com/k0ns0l/driftwatch/internal/alerting/email.go:344.31,347.6 1 1
github.com/k0ns0l/driftwatch/internal/alerting/email.go:348.5,348.33 1 1
github.com/k0ns0l/driftwatch/internal/alerting/email.go:351.4,352.21 1 1
github.com/k0ns0l/driftwatch/internal/alerting/email.go:355.3,356.17 1 1
github.com/k0ns0l/driftwatch/internal/alerting/email.go:360.2,369.22 2 1
github.com/k0ns0l/driftwatch/internal/alerting/email.go:373.64,374.18 1 1
github.com/k0ns0l/driftwatch/internal/alerting/email.go:375.18,376.25 1 1
github.com/k0ns0l/driftwatch/internal/alerting/email.go:377.14,378.23 1 1
github.com/k0ns0l/driftwatch/internal/alerting/email.go:379.16,380.25 1 1
github.com/k0ns0l/driftwatch/internal/alerting/email.go:381.13,382.19 1 1
github.com/k0ns0l/driftwatch/internal/alerting/email.go:383.10,384.41 1 1
github.com/k0ns0l/driftwatch/internal/alerting/slack.go:54.85,58.29 3 1
github.com/k0ns0l/driftwatch/internal/alerting/slack.go:58.29,60.3 1 1
github.com/k0ns0l/driftwatch/internal/alerting/slack.go:62.2,72.48 2 1
github.com/k0ns0l/driftwatch/internal/alerting/slack.go:72.48,74.3 1 1
github.com/k0ns0l/driftwatch/internal/alerting/slack.go:75.2,75.55 1 1
github.com/k0ns0l/driftwatch/internal/alerting/slack.go:75.55,77.3 1 1
github.com/k0ns0l/driftwatch/internal/alerting/slack.go:77.8,79.3 1 1
github.com/k0ns0l/driftwatch/internal/alerting/slack.go:80.2,80.58 1 1
github.com/k0ns0l/driftwatch/internal/alerting/slack.go:80.58,82.3 1 1
github.com/k0ns0l/driftwatch/internal/alerting/slack.go:82.8,84.3 1 1
github.com/k0ns0l/driftwatch/internal/alerting/slack.go:86.2,86.21 1 1
github.com/k0ns0l/driftwatch/internal/alerting/slack.go:90.80,94.16 3 1
github.com/k0ns0l/driftwatch/internal/alerting/slack.go:94.16,96.3 1 0
github.com/k0ns0l/driftwatch/internal/alerting/slack.go:98.2,99.16 2 1
github.com/k0ns0l/driftwatch/internal/alerting/slack.go:99.16,101.3 1 0
github.com/k0ns0l/driftwatch/internal/alerting/slack.go:103.2,106.16 3 1
github.com/k0ns0l/driftwatch/internal/alerting/slack.go:106.16,108.3 1 1
github.com/k0ns0l/driftwatch/internal/alerting/slack.go:109.2,111.38 2 1
github.com/k0ns0l/driftwatch/internal/alerting/slack.go:111.38,113.3 1 1
github.com/k0ns0l/driftwatch/internal/alerting/slack.go:115.2,115.12 1 1
github.com/k0ns0l/driftwatch/internal/alerting/slack.go:119.57,142.2 2 1
github.com/k0ns0l/driftwatch/internal/alerting/slack.go:145.42,147.2 1 1
github.com/k0ns0l/driftwatch/internal/alerting/slack.go:150.42,152.2 1 1
github.com/k0ns0l/driftwatch/internal/alerting/slack.go:155.42,157.2 1 1
github.com/k0ns0l/driftwatch/internal/alerting/slack.go:160.76,200.30 4 1
github.com/k0ns0l/driftwatch/internal/alerting/slack.go:200.30,202.42 2 1
github.com/k0ns0l/driftwatch/internal/alerting/slack.go:202.42,203.14 1 1
github.com/k0ns0l/driftwatch/internal/alerting/slack.go:203.14,205.10 2 0
github.com/k0ns0l/driftwatch/internal/alerting/slack.go:208.4,209.23 2 1
github.com/k0ns0l/driftwatch/internal/alerting/slack.go:209.23,211.5 1 1
github.com/k0ns0l/driftwatch/internal/alerting/slack.go:213.4,214.32 2 1
github.com/k0ns0l/driftwatch/internal/alerting/slack.go:214.32,216.5 1 1
github.com/k0ns0l/driftwatch/internal/alerting/slack.go:219.3,225.5 1 1
github.com/k0ns0l/driftwatch/internal/alerting/slack.go:228.2,236.22 2 1
github.com/k0ns0l/driftwatch/internal/alerting/slack.go:236.22,238.3 1 1
github.com/k0ns0l/driftwatch/internal/alerting/slack.go:240.2,240.21 1 1
github.com/k0ns0l/driftwatch/internal/alerting/slack.go:244.66,245.18 1 1
github.com/k0ns0l/driftwatch/internal/alerting/slack.go:246.18,247.28 1 1
github.com/k0ns0l/driftwatch/internal/alerting/slack.go:248.14,249.21 1 1
github.com/k0ns0l/driftwatch/internal/alerting/slack.go:250.16,251.32 1 1
github.com/k0ns0l/driftwatch/internal/alerting/slack.go:252.13,253.26 1 1
github.com/k0ns0l/driftwatch/internal/alerting/slack.go:254.10,255.22 1 1
github.com/k0ns0l/driftwatch/internal/alerting/slack.go:260.64,261.18 1 1
github.com/k0ns0l/driftwatch/internal/alerting/slack.go:262.18,263.37 1 1
github.com/k0ns0l/driftwatch/internal/alerting/slack.go:264.14,265.26 1 1
github.com/k0ns0l/driftwatch/internal/alerting/slack.go:266.16,267.39 1 1
github.com/k0ns0l/driftwatch/internal/alerting/slack.go:268.13,269.30 1 1
github.com/k0ns0l/driftwatch/internal/alerting/slack.go:270.10,271.48 1 1
github.com/k0ns0l/driftwatch/internal/alerting/webhook.go:34.87,38.22 3 1
github.com/k0ns0l/driftwatch/internal/alerting/webhook.go:38.22,40.3 1 1
github.com/k0ns0l/driftwatch/internal/alerting/webhook.go:42.2,54.51 2 1
github.com/k0ns0l/driftwatch/internal/alerting/webhook.go:54.51,56.3 1 1
github.com/k0ns0l/driftwatch/internal/alerting/webhook.go:59.2,59.53 1 1
github.com/k0ns0l/driftwatch/internal/alerting/webhook.go:59.53,60.70 1 1
github.com/k0ns0l/driftwatch/internal/alerting/webhook.go:60.70,61.39 1 1
github.com/k0ns0l/driftwatch/internal/alerting/webhook.go:61.39,62.43 1 1
github.com/k0ns0l/driftwatch/internal/alerting/webhook.go:62.43,64.6 1 1
github.com/k0ns0l/driftwatch/internal/alerting/webhook.go:70.2,70.59 1 1
github.com/k0ns0l/driftwatch/internal/alerting/webhook.go:70.59,72.3 1 1
github.com/k0ns0l/driftwatch/internal/alerting/webhook.go:74.2,74.21 1 1
github.com/k0ns0l/driftwatch/internal/alerting/webhook.go:78.82,91.16 3 1
github.com/k0ns0l/driftwatch/internal/alerting/webhook.go:91.16,93.3 1 0
github.com/k0ns0l/driftwatch/internal/alerting/webhook.go:95.2,96.16 2 1
github.com/k0ns0l/driftwatch/internal/alerting/webhook.go:96.16,98.3 1 0
github.com/k0ns0l/driftwatch/internal/alerting/webhook.go:101.2,101.37 1 1
github.com/k0ns0l/driftwatch/internal/alerting/webhook.go:101.37,103.3 1 1
github.com/k0ns0l/driftwatch/internal/alerting/webhook.go:105.2,106.16 2 1
github.com/k0ns0l/driftwatch/internal/alerting/webhook.go:106.16,108.3 1 1
github.com/k0ns0l/driftwatch/internal/alerting/webhook.go:109.2,112.53 2 1
github.com/k0ns0l/driftwatch/internal/alerting/webhook.go:112.53,114.3 1 1
github.com/k0ns0l/driftwatch/internal/alerting/webhook.go:116.2,116.12 1 1
github.com/k0ns0l/driftwatch/internal/alerting/webhook.go:120.59,143.2 2 1
github.com/k0ns0l/driftwatch/internal/alerting/webhook.go:146.44,148.2 1 1
github.com/k0ns0l/driftwatch/internal/alerting/webhook.go:151.44,153.2 1 1
github.com/k0ns0l/driftwatch/internal/alerting/webhook.go:156.44,158.2 1 1
